

******************** 01 June 2024 17:05 UTC ********************
AcyMailing Triggered at 01 June 2024 18:05
0 messages processed: 0 successful, 0 failed
Bounce handling : TLS/SSL failure for mail.dental-channel.co.uk: SSL negotiation failed

******************** 02 June 2024 17:10 UTC ********************
AcyMailing Triggered at 02 June 2024 18:10
0 messages processed: 0 successful, 0 failed
Bounce handling : TLS/SSL failure for mail.dental-channel.co.uk: SSL negotiation failed

******************** 03 June 2024 11:00 UTC ********************
AcyMailing Triggered at 03 June 2024 12:00
0 messages processed: 0 successful, 0 failed
Deleted 1 rows of the table email archive history

******************** 03 June 2024 17:15 UTC ********************
AcyMailing Triggered at 03 June 2024 18:15
0 messages processed: 0 successful, 0 failed
Bounce handling : TLS/SSL failure for mail.dental-channel.co.uk: SSL negotiation failed

******************** 04 June 2024 17:20 UTC ********************
AcyMailing Triggered at 04 June 2024 18:20
0 messages processed: 0 successful, 0 failed
Bounce handling : TLS/SSL failure for mail.dental-channel.co.uk: SSL negotiation failed

******************** 05 June 2024 17:25 UTC ********************
AcyMailing Triggered at 05 June 2024 18:25
0 messages processed: 0 successful, 0 failed
Bounce handling : TLS/SSL failure for mail.dental-channel.co.uk: SSL negotiation failed

******************** 06 June 2024 17:30 UTC ********************
AcyMailing Triggered at 06 June 2024 18:30
0 messages processed: 0 successful, 0 failed
Bounce handling : TLS/SSL failure for mail.dental-channel.co.uk: SSL negotiation failed

******************** 07 June 2024 17:35 UTC ********************
AcyMailing Triggered at 07 June 2024 18:35
0 messages processed: 0 successful, 0 failed
Bounce handling : TLS/SSL failure for mail.dental-channel.co.uk: SSL negotiation failed

******************** 08 June 2024 17:35 UTC ********************
AcyMailing Triggered at 08 June 2024 18:35
0 messages processed: 0 successful, 0 failed
Bounce handling : TLS/SSL failure for mail.dental-channel.co.uk: SSL negotiation failed

******************** 09 June 2024 17:40 UTC ********************
AcyMailing Triggered at 09 June 2024 18:40
0 messages processed: 0 successful, 0 failed
Bounce handling : TLS/SSL failure for mail.dental-channel.co.uk: SSL negotiation failed

******************** 10 June 2024 11:00 UTC ********************
AcyMailing Triggered at 10 June 2024 12:00
0 messages processed: 0 successful, 0 failed
Deleted 1 rows of the table email archive history

******************** 10 June 2024 17:40 UTC ********************
AcyMailing Triggered at 10 June 2024 18:40
0 messages processed: 0 successful, 0 failed
Bounce handling : TLS/SSL failure for mail.dental-channel.co.uk: SSL negotiation failed

******************** 11 June 2024 11:00 UTC ********************
AcyMailing Triggered at 11 June 2024 12:00
0 messages processed: 0 successful, 0 failed
Deleted 1 rows of the table email archive history

******************** 11 June 2024 17:45 UTC ********************
AcyMailing Triggered at 11 June 2024 18:45
0 messages processed: 0 successful, 0 failed
Bounce handling : TLS/SSL failure for mail.dental-channel.co.uk: SSL negotiation failed

******************** 12 June 2024 17:50 UTC ********************
AcyMailing Triggered at 12 June 2024 18:50
0 messages processed: 0 successful, 0 failed
Bounce handling : TLS/SSL failure for mail.dental-channel.co.uk: SSL negotiation failed

******************** 13 June 2024 17:55 UTC ********************
AcyMailing Triggered at 13 June 2024 18:55
0 messages processed: 0 successful, 0 failed
Bounce handling : TLS/SSL failure for mail.dental-channel.co.uk: SSL negotiation failed

******************** 14 June 2024 18:00 UTC ********************
AcyMailing Triggered at 14 June 2024 19:00
0 messages processed: 0 successful, 0 failed
Bounce handling : TLS/SSL failure for mail.dental-channel.co.uk: SSL negotiation failed

******************** 15 June 2024 18:05 UTC ********************
AcyMailing Triggered at 15 June 2024 19:05
0 messages processed: 0 successful, 0 failed
Bounce handling : TLS/SSL failure for mail.dental-channel.co.uk: SSL negotiation failed

******************** 16 June 2024 18:05 UTC ********************
AcyMailing Triggered at 16 June 2024 19:05
0 messages processed: 0 successful, 0 failed
Bounce handling : TLS/SSL failure for mail.dental-channel.co.uk: SSL negotiation failed

******************** 17 June 2024 18:10 UTC ********************
AcyMailing Triggered at 17 June 2024 19:10
0 messages processed: 0 successful, 0 failed
Bounce handling : TLS/SSL failure for mail.dental-channel.co.uk: SSL negotiation failed

******************** 18 June 2024 18:15 UTC ********************
AcyMailing Triggered at 18 June 2024 19:15
0 messages processed: 0 successful, 0 failed
Bounce handling : TLS/SSL failure for mail.dental-channel.co.uk: SSL negotiation failed

******************** 19 June 2024 18:20 UTC ********************
AcyMailing Triggered at 19 June 2024 19:20
0 messages processed: 0 successful, 0 failed
Bounce handling : TLS/SSL failure for mail.dental-channel.co.uk: SSL negotiation failed

******************** 20 June 2024 18:25 UTC ********************
AcyMailing Triggered at 20 June 2024 19:25
0 messages processed: 0 successful, 0 failed
Bounce handling : TLS/SSL failure for mail.dental-channel.co.uk: SSL negotiation failed

******************** 21 June 2024 18:30 UTC ********************
AcyMailing Triggered at 21 June 2024 19:30
0 messages processed: 0 successful, 0 failed
Bounce handling : TLS/SSL failure for mail.dental-channel.co.uk: SSL negotiation failed

******************** 22 June 2024 18:35 UTC ********************
AcyMailing Triggered at 22 June 2024 19:35
0 messages processed: 0 successful, 0 failed
Bounce handling : TLS/SSL failure for mail.dental-channel.co.uk: SSL negotiation failed

******************** 23 June 2024 18:35 UTC ********************
AcyMailing Triggered at 23 June 2024 19:35
0 messages processed: 0 successful, 0 failed
Bounce handling : TLS/SSL failure for mail.dental-channel.co.uk: SSL negotiation failed

******************** 24 June 2024 18:40 UTC ********************
AcyMailing Triggered at 24 June 2024 19:40
0 messages processed: 0 successful, 0 failed
Bounce handling : TLS/SSL failure for mail.dental-channel.co.uk: SSL negotiation failed

******************** 25 June 2024 18:45 UTC ********************
AcyMailing Triggered at 25 June 2024 19:45
0 messages processed: 0 successful, 0 failed
Bounce handling : TLS/SSL failure for mail.dental-channel.co.uk: SSL negotiation failed

******************** 26 June 2024 18:50 UTC ********************
AcyMailing Triggered at 26 June 2024 19:50
0 messages processed: 0 successful, 0 failed
Bounce handling : TLS/SSL failure for mail.dental-channel.co.uk: SSL negotiation failed

******************** 27 June 2024 18:50 UTC ********************
AcyMailing Triggered at 27 June 2024 19:50
0 messages processed: 0 successful, 0 failed
Bounce handling : TLS/SSL failure for mail.dental-channel.co.uk: SSL negotiation failed

******************** 28 June 2024 18:55 UTC ********************
AcyMailing Triggered at 28 June 2024 19:55
0 messages processed: 0 successful, 0 failed
Bounce handling : TLS/SSL failure for mail.dental-channel.co.uk: SSL negotiation failed

******************** 29 June 2024 19:00 UTC ********************
AcyMailing Triggered at 29 June 2024 20:00
0 messages processed: 0 successful, 0 failed
Bounce handling : TLS/SSL failure for mail.dental-channel.co.uk: SSL negotiation failed

******************** 30 June 2024 19:05 UTC ********************
AcyMailing Triggered at 30 June 2024 20:05
0 messages processed: 0 successful, 0 failed
Bounce handling : TLS/SSL failure for mail.dental-channel.co.uk: SSL negotiation failed