

******************** 01 July 2024 19:10 UTC ********************
AcyMailing Triggered at 01 July 2024 20:10
0 messages processed: 0 successful, 0 failed
Bounce handling : TLS/SSL failure for mail.dental-channel.co.uk: SSL negotiation failed

******************** 02 July 2024 19:15 UTC ********************
AcyMailing Triggered at 02 July 2024 20:15
0 messages processed: 0 successful, 0 failed
Bounce handling : TLS/SSL failure for mail.dental-channel.co.uk: SSL negotiation failed

******************** 03 July 2024 11:00 UTC ********************
AcyMailing Triggered at 03 July 2024 12:00
0 messages processed: 0 successful, 0 failed
Deleted 1 rows of the table email archive history

******************** 03 July 2024 19:20 UTC ********************
AcyMailing Triggered at 03 July 2024 20:20
0 messages processed: 0 successful, 0 failed
Bounce handling : TLS/SSL failure for mail.dental-channel.co.uk: SSL negotiation failed

******************** 04 July 2024 19:20 UTC ********************
AcyMailing Triggered at 04 July 2024 20:20
0 messages processed: 0 successful, 0 failed
Bounce handling : TLS/SSL failure for mail.dental-channel.co.uk: SSL negotiation failed

******************** 05 July 2024 19:25 UTC ********************
AcyMailing Triggered at 05 July 2024 20:25
0 messages processed: 0 successful, 0 failed
Bounce handling : TLS/SSL failure for mail.dental-channel.co.uk: SSL negotiation failed

******************** 06 July 2024 19:25 UTC ********************
AcyMailing Triggered at 06 July 2024 20:25
0 messages processed: 0 successful, 0 failed
Bounce handling : TLS/SSL failure for mail.dental-channel.co.uk: SSL negotiation failed

******************** 07 July 2024 19:30 UTC ********************
AcyMailing Triggered at 07 July 2024 20:30
0 messages processed: 0 successful, 0 failed
Bounce handling : TLS/SSL failure for mail.dental-channel.co.uk: SSL negotiation failed

******************** 08 July 2024 11:00 UTC ********************
AcyMailing Triggered at 08 July 2024 12:00
0 messages processed: 0 successful, 0 failed
Deleted 1 rows of the table email archive history

******************** 08 July 2024 19:35 UTC ********************
AcyMailing Triggered at 08 July 2024 20:35
0 messages processed: 0 successful, 0 failed
Bounce handling : TLS/SSL failure for mail.dental-channel.co.uk: SSL negotiation failed

******************** 09 July 2024 11:00 UTC ********************
AcyMailing Triggered at 09 July 2024 12:00
0 messages processed: 0 successful, 0 failed
Deleted 1 rows of the table email archive history

******************** 09 July 2024 19:40 UTC ********************
AcyMailing Triggered at 09 July 2024 20:40
0 messages processed: 0 successful, 0 failed
Bounce handling : TLS/SSL failure for mail.dental-channel.co.uk: SSL negotiation failed

******************** 10 July 2024 19:45 UTC ********************
AcyMailing Triggered at 10 July 2024 20:45
0 messages processed: 0 successful, 0 failed
Bounce handling : TLS/SSL failure for mail.dental-channel.co.uk: SSL negotiation failed

******************** 11 July 2024 19:50 UTC ********************
AcyMailing Triggered at 11 July 2024 20:50
0 messages processed: 0 successful, 0 failed
Bounce handling : TLS/SSL failure for mail.dental-channel.co.uk: SSL negotiation failed

******************** 12 July 2024 11:00 UTC ********************
AcyMailing Triggered at 12 July 2024 12:00
0 messages processed: 0 successful, 0 failed
Deleted 1 rows of the table email archive history

******************** 12 July 2024 19:55 UTC ********************
AcyMailing Triggered at 12 July 2024 20:55
0 messages processed: 0 successful, 0 failed
Bounce handling : TLS/SSL failure for mail.dental-channel.co.uk: SSL negotiation failed

******************** 13 July 2024 11:00 UTC ********************
AcyMailing Triggered at 13 July 2024 12:00
0 messages processed: 0 successful, 0 failed
Deleted 1 rows of the table email archive history

******************** 13 July 2024 20:00 UTC ********************
AcyMailing Triggered at 13 July 2024 21:00
0 messages processed: 0 successful, 0 failed
Bounce handling : TLS/SSL failure for mail.dental-channel.co.uk: SSL negotiation failed

******************** 14 July 2024 20:00 UTC ********************
AcyMailing Triggered at 14 July 2024 21:00
0 messages processed: 0 successful, 0 failed
Bounce handling : TLS/SSL failure for mail.dental-channel.co.uk: SSL negotiation failed

******************** 15 July 2024 20:05 UTC ********************
AcyMailing Triggered at 15 July 2024 21:05
0 messages processed: 0 successful, 0 failed
Bounce handling : TLS/SSL failure for mail.dental-channel.co.uk: SSL negotiation failed

******************** 16 July 2024 20:10 UTC ********************
AcyMailing Triggered at 16 July 2024 21:10
0 messages processed: 0 successful, 0 failed
Bounce handling : TLS/SSL failure for mail.dental-channel.co.uk: SSL negotiation failed

******************** 17 July 2024 11:00 UTC ********************
AcyMailing Triggered at 17 July 2024 12:00
0 messages processed: 0 successful, 0 failed
Deleted 1 rows of the table email archive history

******************** 17 July 2024 20:15 UTC ********************
AcyMailing Triggered at 17 July 2024 21:15
0 messages processed: 0 successful, 0 failed
Bounce handling : TLS/SSL failure for mail.dental-channel.co.uk: SSL negotiation failed

******************** 18 July 2024 20:20 UTC ********************
AcyMailing Triggered at 18 July 2024 21:20
0 messages processed: 0 successful, 0 failed
Bounce handling : TLS/SSL failure for mail.dental-channel.co.uk: SSL negotiation failed

******************** 19 July 2024 20:25 UTC ********************
AcyMailing Triggered at 19 July 2024 21:25
0 messages processed: 0 successful, 0 failed
Bounce handling : TLS/SSL failure for mail.dental-channel.co.uk: SSL negotiation failed

******************** 20 July 2024 20:30 UTC ********************
AcyMailing Triggered at 20 July 2024 21:30
0 messages processed: 0 successful, 0 failed
Bounce handling : TLS/SSL failure for mail.dental-channel.co.uk: SSL negotiation failed

******************** 21 July 2024 20:35 UTC ********************
AcyMailing Triggered at 21 July 2024 21:35
0 messages processed: 0 successful, 0 failed
Bounce handling : TLS/SSL failure for mail.dental-channel.co.uk: SSL negotiation failed

******************** 22 July 2024 11:00 UTC ********************
AcyMailing Triggered at 22 July 2024 12:00
0 messages processed: 0 successful, 0 failed
Deleted 1 rows of the table email archive history

******************** 22 July 2024 20:40 UTC ********************
AcyMailing Triggered at 22 July 2024 21:40
0 messages processed: 0 successful, 0 failed
Bounce handling : TLS/SSL failure for mail.dental-channel.co.uk: SSL negotiation failed

******************** 23 July 2024 11:00 UTC ********************
AcyMailing Triggered at 23 July 2024 12:00
0 messages processed: 0 successful, 0 failed
Deleted 1 rows of the table email archive history

******************** 23 July 2024 20:40 UTC ********************
AcyMailing Triggered at 23 July 2024 21:40
0 messages processed: 0 successful, 0 failed
Bounce handling : TLS/SSL failure for mail.dental-channel.co.uk: SSL negotiation failed

******************** 24 July 2024 11:00 UTC ********************
AcyMailing Triggered at 24 July 2024 12:00
0 messages processed: 0 successful, 0 failed
Deleted 1 rows of the table email archive history

******************** 24 July 2024 20:45 UTC ********************
AcyMailing Triggered at 24 July 2024 21:45
0 messages processed: 0 successful, 0 failed
Bounce handling : TLS/SSL failure for mail.dental-channel.co.uk: SSL negotiation failed

******************** 25 July 2024 20:50 UTC ********************
AcyMailing Triggered at 25 July 2024 21:50
0 messages processed: 0 successful, 0 failed
Bounce handling : TLS/SSL failure for mail.dental-channel.co.uk: SSL negotiation failed

******************** 26 July 2024 20:55 UTC ********************
AcyMailing Triggered at 26 July 2024 21:55
0 messages processed: 0 successful, 0 failed
Bounce handling : TLS/SSL failure for mail.dental-channel.co.uk: SSL negotiation failed

******************** 27 July 2024 21:00 UTC ********************
AcyMailing Triggered at 27 July 2024 22:00
0 messages processed: 0 successful, 0 failed
Bounce handling : TLS/SSL failure for mail.dental-channel.co.uk: SSL negotiation failed

******************** 28 July 2024 11:00 UTC ********************
AcyMailing Triggered at 28 July 2024 12:00
0 messages processed: 0 successful, 0 failed
Deleted 1 rows of the table email archive history

******************** 28 July 2024 21:05 UTC ********************
AcyMailing Triggered at 28 July 2024 22:05
0 messages processed: 0 successful, 0 failed
Bounce handling : TLS/SSL failure for mail.dental-channel.co.uk: SSL negotiation failed

******************** 29 July 2024 21:10 UTC ********************
AcyMailing Triggered at 29 July 2024 22:10
0 messages processed: 0 successful, 0 failed
Bounce handling : TLS/SSL failure for mail.dental-channel.co.uk: SSL negotiation failed

******************** 30 July 2024 11:00 UTC ********************
AcyMailing Triggered at 30 July 2024 12:00
0 messages processed: 0 successful, 0 failed
Deleted 2 rows of the table email archive history

******************** 30 July 2024 21:15 UTC ********************
AcyMailing Triggered at 30 July 2024 22:15
0 messages processed: 0 successful, 0 failed
Bounce handling : TLS/SSL failure for mail.dental-channel.co.uk: SSL negotiation failed

******************** 31 July 2024 21:20 UTC ********************
AcyMailing Triggered at 31 July 2024 22:20
0 messages processed: 0 successful, 0 failed
Bounce handling : TLS/SSL failure for mail.dental-channel.co.uk: SSL negotiation failed