

******************** 07 June 2025 11:00 UTC ********************
AcyMailing Triggered at 07 June 2025 12:00
0 messages processed: 0 successful, 0 failed
Deleted 1 rows of the table email archive history

******************** 12 June 2025 11:00 UTC ********************
AcyMailing Triggered at 12 June 2025 12:00
0 messages processed: 0 successful, 0 failed
Deleted 1 rows of the table email archive history

******************** 16 June 2025 11:00 UTC ********************
AcyMailing Triggered at 16 June 2025 12:00
0 messages processed: 0 successful, 0 failed
Deleted 1 rows of the table User detailed statistics (#__acym_url_click)

******************** 18 June 2025 11:00 UTC ********************
AcyMailing Triggered at 18 June 2025 12:00
0 messages processed: 0 successful, 0 failed
Deleted 1 rows of the table email archive history

******************** 25 June 2025 11:00 UTC ********************
AcyMailing Triggered at 25 June 2025 12:00
0 messages processed: 0 successful, 0 failed
Deleted 1 rows of the table email archive history