

******************** 06 August 2025 11:00 UTC ********************
AcyMailing Triggered at 06 August 2025 12:00
0 messages processed: 0 successful, 0 failed
Deleted 1 rows of the table email archive history

******************** 16 August 2025 11:00 UTC ********************
AcyMailing Triggered at 16 August 2025 12:00
0 messages processed: 0 successful, 0 failed
Deleted 1911 rows of the table User detailed statistics (#__acym_user_stat)
Deleted 449 rows of the table User detailed statistics (#__acym_url_click)

******************** 17 August 2025 11:00 UTC ********************
AcyMailing Triggered at 17 August 2025 12:00
0 messages processed: 0 successful, 0 failed
Deleted 1 rows of the table User detailed statistics (#__acym_url_click)

******************** 23 August 2025 11:00 UTC ********************
AcyMailing Triggered at 23 August 2025 12:00
0 messages processed: 0 successful, 0 failed
Deleted 21 rows of the table User detailed statistics (#__acym_user_stat)

******************** 26 August 2025 11:00 UTC ********************
AcyMailing Triggered at 26 August 2025 12:00
0 messages processed: 0 successful, 0 failed
Deleted 1911 rows of the table User detailed statistics (#__acym_user_stat)
Deleted 546 rows of the table User detailed statistics (#__acym_url_click)

******************** 27 August 2025 11:00 UTC ********************
AcyMailing Triggered at 27 August 2025 12:00
0 messages processed: 0 successful, 0 failed
Deleted 1 rows of the table User detailed statistics (#__acym_url_click)

******************** 28 August 2025 11:00 UTC ********************
AcyMailing Triggered at 28 August 2025 12:00
0 messages processed: 0 successful, 0 failed
Deleted 3 rows of the table User detailed statistics (#__acym_url_click)

******************** 29 August 2025 11:00 UTC ********************
AcyMailing Triggered at 29 August 2025 12:00
0 messages processed: 0 successful, 0 failed
Deleted 1 rows of the table User detailed statistics (#__acym_url_click)

******************** 30 August 2025 11:00 UTC ********************
AcyMailing Triggered at 30 August 2025 12:00
0 messages processed: 0 successful, 0 failed
Deleted 1910 rows of the table User detailed statistics (#__acym_user_stat)
Deleted 418 rows of the table User detailed statistics (#__acym_url_click)