

******************** 06 September 2025 11:00 UTC ********************
AcyMailing Triggered at 06 September 2025 12:00
0 messages processed: 0 successful, 0 failed
Deleted 1909 rows of the table User detailed statistics (#__acym_user_stat)
Deleted 28 rows of the table User detailed statistics (#__acym_url_click)

******************** 07 September 2025 11:00 UTC ********************
AcyMailing Triggered at 07 September 2025 12:00
0 messages processed: 0 successful, 0 failed
Deleted 3 rows of the table User detailed statistics (#__acym_url_click)

******************** 08 September 2025 11:00 UTC ********************
AcyMailing Triggered at 08 September 2025 12:00
0 messages processed: 0 successful, 0 failed
Deleted 2 rows of the table User detailed statistics (#__acym_url_click)

******************** 12 September 2025 11:00 UTC ********************
AcyMailing Triggered at 12 September 2025 12:00
0 messages processed: 0 successful, 0 failed
Deleted 1 rows of the table User detailed statistics (#__acym_url_click)

******************** 13 September 2025 11:00 UTC ********************
AcyMailing Triggered at 13 September 2025 12:00
0 messages processed: 0 successful, 0 failed
Deleted 1 rows of the table User detailed statistics (#__acym_url_click)

******************** 18 September 2025 11:00 UTC ********************
AcyMailing Triggered at 18 September 2025 12:00
0 messages processed: 0 successful, 0 failed
Deleted 8 rows of the table User detailed statistics (#__acym_url_click)

******************** 21 September 2025 11:14 UTC ********************
AcyMailing Triggered at 21 September 2025 12:14
0 messages processed: 0 successful, 0 failed
Deleted 1912 rows of the table User detailed statistics (#__acym_user_stat)
Deleted 432 rows of the table User detailed statistics (#__acym_url_click)

******************** 25 September 2025 11:00 UTC ********************
AcyMailing Triggered at 25 September 2025 12:00
0 messages processed: 0 successful, 0 failed
Deleted 1 rows of the table User detailed statistics (#__acym_url_click)

******************** 26 September 2025 11:00 UTC ********************
AcyMailing Triggered at 26 September 2025 12:00
0 messages processed: 0 successful, 0 failed
Deleted 3 rows of the table User detailed statistics (#__acym_url_click)

******************** 27 September 2025 11:00 UTC ********************
AcyMailing Triggered at 27 September 2025 12:00
0 messages processed: 0 successful, 0 failed
Deleted 1913 rows of the table User detailed statistics (#__acym_user_stat)
Deleted 389 rows of the table User detailed statistics (#__acym_url_click)

******************** 28 September 2025 11:00 UTC ********************
AcyMailing Triggered at 28 September 2025 12:00
0 messages processed: 0 successful, 0 failed
Deleted 1 rows of the table User detailed statistics (#__acym_url_click)