

******************** 04 October 2025 11:00 UTC ********************
AcyMailing Triggered at 04 October 2025 12:00
0 messages processed: 0 successful, 0 failed
Deleted 1914 rows of the table User detailed statistics (#__acym_user_stat)
Deleted 403 rows of the table User detailed statistics (#__acym_url_click)

******************** 06 October 2025 11:00 UTC ********************
AcyMailing Triggered at 06 October 2025 12:00
0 messages processed: 0 successful, 0 failed
Deleted 1914 rows of the table User detailed statistics (#__acym_user_stat)
Deleted 407 rows of the table User detailed statistics (#__acym_url_click)

******************** 08 October 2025 11:00 UTC ********************
AcyMailing Triggered at 08 October 2025 12:00
0 messages processed: 0 successful, 0 failed
Deleted 1 rows of the table email archive history

******************** 09 October 2025 11:05 UTC ********************
AcyMailing Triggered at 09 October 2025 12:05
0 messages processed: 0 successful, 0 failed
Deleted 1 rows of the table User detailed statistics (#__acym_url_click)

******************** 10 October 2025 11:05 UTC ********************
AcyMailing Triggered at 10 October 2025 12:05
0 messages processed: 0 successful, 0 failed
Deleted 1 rows of the table User detailed statistics (#__acym_url_click)

******************** 11 October 2025 11:00 UTC ********************
AcyMailing Triggered at 11 October 2025 12:00
0 messages processed: 0 successful, 0 failed
Deleted 1915 rows of the table User detailed statistics (#__acym_user_stat)
Deleted 397 rows of the table User detailed statistics (#__acym_url_click)

******************** 12 October 2025 11:00 UTC ********************
AcyMailing Triggered at 12 October 2025 12:00
0 messages processed: 0 successful, 0 failed
Deleted 22 rows of the table User detailed statistics (#__acym_url_click)

******************** 13 October 2025 11:05 UTC ********************
AcyMailing Triggered at 13 October 2025 12:05
0 messages processed: 0 successful, 0 failed
Deleted 1 rows of the table User detailed statistics (#__acym_url_click)