

******************************************************************************************************************************************************
********************     01 October 2024 18:44     ********************
AcyMailing Triggered at 01 October 2024 18:44
0 messages processed : 0 successful, 0 failed
Bounce Handling : TLS/SSL failure for mail.dental-channel.co.uk: SSL negotiation failed

******************************************************************************************************************************************************
********************     02 October 2024 18:45     ********************
AcyMailing Triggered at 02 October 2024 18:45
0 messages processed : 0 successful, 0 failed
Bounce Handling : TLS/SSL failure for mail.dental-channel.co.uk: SSL negotiation failed

******************************************************************************************************************************************************
********************     03 October 2024 18:45     ********************
AcyMailing Triggered at 03 October 2024 18:45
0 messages processed : 0 successful, 0 failed
Bounce Handling : TLS/SSL failure for mail.dental-channel.co.uk: SSL negotiation failed

******************************************************************************************************************************************************
********************     04 October 2024 18:50     ********************
AcyMailing Triggered at 04 October 2024 18:50
0 messages processed : 0 successful, 0 failed
Bounce Handling : TLS/SSL failure for mail.dental-channel.co.uk: SSL negotiation failed

******************************************************************************************************************************************************
********************     05 October 2024 18:50     ********************
AcyMailing Triggered at 05 October 2024 18:50
0 messages processed : 0 successful, 0 failed
Bounce Handling : TLS/SSL failure for mail.dental-channel.co.uk: SSL negotiation failed

******************************************************************************************************************************************************
********************     06 October 2024 18:55     ********************
AcyMailing Triggered at 06 October 2024 18:55
0 messages processed : 0 successful, 0 failed
Bounce Handling : TLS/SSL failure for mail.dental-channel.co.uk: SSL negotiation failed

******************************************************************************************************************************************************
********************     07 October 2024 18:55     ********************
AcyMailing Triggered at 07 October 2024 18:55
0 messages processed : 0 successful, 0 failed
Bounce Handling : TLS/SSL failure for mail.dental-channel.co.uk: SSL negotiation failed

******************************************************************************************************************************************************
********************     08 October 2024 19:00     ********************
AcyMailing Triggered at 08 October 2024 19:00
0 messages processed : 0 successful, 0 failed
Bounce Handling : TLS/SSL failure for mail.dental-channel.co.uk: SSL negotiation failed

******************************************************************************************************************************************************
********************     09 October 2024 19:04     ********************
AcyMailing Triggered at 09 October 2024 19:04
0 messages processed : 0 successful, 0 failed
Bounce Handling : TLS/SSL failure for mail.dental-channel.co.uk: SSL negotiation failed

******************************************************************************************************************************************************
********************     10 October 2024 19:05     ********************
AcyMailing Triggered at 10 October 2024 19:05
0 messages processed : 0 successful, 0 failed
Bounce Handling : TLS/SSL failure for mail.dental-channel.co.uk: SSL negotiation failed

******************************************************************************************************************************************************
********************     11 October 2024 19:10     ********************
AcyMailing Triggered at 11 October 2024 19:10
0 messages processed : 0 successful, 0 failed
Bounce Handling : TLS/SSL failure for mail.dental-channel.co.uk: SSL negotiation failed

******************************************************************************************************************************************************
********************     12 October 2024 19:15     ********************
AcyMailing Triggered at 12 October 2024 19:15
0 messages processed : 0 successful, 0 failed
Bounce Handling : TLS/SSL failure for mail.dental-channel.co.uk: SSL negotiation failed

******************************************************************************************************************************************************
********************     13 October 2024 19:16     ********************
AcyMailing Triggered at 13 October 2024 19:16
0 messages processed : 0 successful, 0 failed
Bounce Handling : TLS/SSL failure for mail.dental-channel.co.uk: SSL negotiation failed

******************************************************************************************************************************************************
********************     14 October 2024 19:20     ********************
AcyMailing Triggered at 14 October 2024 19:20
0 messages processed : 0 successful, 0 failed
Bounce Handling : TLS/SSL failure for mail.dental-channel.co.uk: SSL negotiation failed

******************************************************************************************************************************************************
********************     15 October 2024 19:25     ********************
AcyMailing Triggered at 15 October 2024 19:25
0 messages processed : 0 successful, 0 failed
Bounce Handling : TLS/SSL failure for mail.dental-channel.co.uk: SSL negotiation failed

******************************************************************************************************************************************************
********************     16 October 2024 19:30     ********************
AcyMailing Triggered at 16 October 2024 19:30
0 messages processed : 0 successful, 0 failed
Bounce Handling : TLS/SSL failure for mail.dental-channel.co.uk: SSL negotiation failed

******************************************************************************************************************************************************
********************     17 October 2024 19:30     ********************
AcyMailing Triggered at 17 October 2024 19:30
0 messages processed : 0 successful, 0 failed
Bounce Handling : TLS/SSL failure for mail.dental-channel.co.uk: SSL negotiation failed

******************************************************************************************************************************************************
********************     21 October 2024 11:40     ********************
AcyMailing Triggered at 21 October 2024 11:40
0 messages processed : 0 successful, 0 failed
Bounce Handling : TLS/SSL failure for mail.dental-channel.co.uk: SSL negotiation failed

******************************************************************************************************************************************************
********************     22 October 2024 11:50     ********************
AcyMailing Triggered at 22 October 2024 11:50
0 messages processed : 0 successful, 0 failed
Bounce Handling : TLS/SSL failure for mail.dental-channel.co.uk: SSL negotiation failed

******************************************************************************************************************************************************
********************     23 October 2024 11:54     ********************
AcyMailing Triggered at 23 October 2024 11:54
0 messages processed : 0 successful, 0 failed
Bounce Handling : TLS/SSL failure for mail.dental-channel.co.uk: SSL negotiation failed

******************************************************************************************************************************************************
********************     24 October 2024 11:55     ********************
AcyMailing Triggered at 24 October 2024 11:55
0 messages processed : 0 successful, 0 failed
Bounce Handling : TLS/SSL failure for mail.dental-channel.co.uk: SSL negotiation failed

******************************************************************************************************************************************************
********************     25 October 2024 12:05     ********************
AcyMailing Triggered at 25 October 2024 12:05
0 messages processed : 0 successful, 0 failed
Bounce Handling : TLS/SSL failure for mail.dental-channel.co.uk: SSL negotiation failed

******************************************************************************************************************************************************
********************     26 October 2024 12:09     ********************
AcyMailing Triggered at 26 October 2024 12:09
0 messages processed : 0 successful, 0 failed
Bounce Handling : TLS/SSL failure for mail.dental-channel.co.uk: SSL negotiation failed

******************************************************************************************************************************************************
********************     27 October 2024 11:10     ********************
AcyMailing Triggered at 27 October 2024 11:10
0 messages processed : 0 successful, 0 failed
Bounce Handling : TLS/SSL failure for mail.dental-channel.co.uk: SSL negotiation failed

******************************************************************************************************************************************************
********************     28 October 2024 11:15     ********************
AcyMailing Triggered at 28 October 2024 11:15
0 messages processed : 0 successful, 0 failed
Bounce Handling : TLS/SSL failure for mail.dental-channel.co.uk: SSL negotiation failed

******************************************************************************************************************************************************
********************     29 October 2024 11:19     ********************
AcyMailing Triggered at 29 October 2024 11:19
0 messages processed : 0 successful, 0 failed
Bounce Handling : TLS/SSL failure for mail.dental-channel.co.uk: SSL negotiation failed

******************************************************************************************************************************************************
********************     30 October 2024 11:20     ********************
AcyMailing Triggered at 30 October 2024 11:20
0 messages processed : 0 successful, 0 failed
Bounce Handling : TLS/SSL failure for mail.dental-channel.co.uk: SSL negotiation failed

******************************************************************************************************************************************************
********************     31 October 2024 11:25     ********************
AcyMailing Triggered at 31 October 2024 11:25
0 messages processed : 0 successful, 0 failed
Bounce Handling : TLS/SSL failure for mail.dental-channel.co.uk: SSL negotiation failed