

******************************************************************************************************************************************************
********************     01 June 2024 10:35     ********************
AcyMailing Triggered at 01 June 2024 10:35
0 messages processed : 0 successful, 0 failed
Bounce Handling : TLS/SSL failure for mail.dental-channel.co.uk: SSL negotiation failed

******************************************************************************************************************************************************
********************     02 June 2024 10:40     ********************
AcyMailing Triggered at 02 June 2024 10:40
0 messages processed : 0 successful, 0 failed
Bounce Handling : TLS/SSL failure for mail.dental-channel.co.uk: SSL negotiation failed

******************************************************************************************************************************************************
********************     03 June 2024 10:45     ********************
AcyMailing Triggered at 03 June 2024 10:45
0 messages processed : 0 successful, 0 failed
Bounce Handling : TLS/SSL failure for mail.dental-channel.co.uk: SSL negotiation failed

******************************************************************************************************************************************************
********************     04 June 2024 10:50     ********************
AcyMailing Triggered at 04 June 2024 10:50
0 messages processed : 0 successful, 0 failed
Bounce Handling : TLS/SSL failure for mail.dental-channel.co.uk: SSL negotiation failed

******************************************************************************************************************************************************
********************     05 June 2024 10:55     ********************
AcyMailing Triggered at 05 June 2024 10:55
0 messages processed : 0 successful, 0 failed
Bounce Handling : TLS/SSL failure for mail.dental-channel.co.uk: SSL negotiation failed

******************************************************************************************************************************************************
********************     06 June 2024 11:00     ********************
AcyMailing Triggered at 06 June 2024 11:00
0 messages processed : 0 successful, 0 failed
Bounce Handling : TLS/SSL failure for mail.dental-channel.co.uk: SSL negotiation failed

******************************************************************************************************************************************************
********************     07 June 2024 11:05     ********************
AcyMailing Triggered at 07 June 2024 11:05
0 messages processed : 0 successful, 0 failed
Bounce Handling : TLS/SSL failure for mail.dental-channel.co.uk: SSL negotiation failed

******************************************************************************************************************************************************
********************     08 June 2024 11:10     ********************
AcyMailing Triggered at 08 June 2024 11:10
0 messages processed : 0 successful, 0 failed
Bounce Handling : TLS/SSL failure for mail.dental-channel.co.uk: SSL negotiation failed

******************************************************************************************************************************************************
********************     09 June 2024 11:15     ********************
AcyMailing Triggered at 09 June 2024 11:15
0 messages processed : 0 successful, 0 failed
Bounce Handling : TLS/SSL failure for mail.dental-channel.co.uk: SSL negotiation failed

******************************************************************************************************************************************************
********************     10 June 2024 11:20     ********************
AcyMailing Triggered at 10 June 2024 11:20
0 messages processed : 0 successful, 0 failed
Bounce Handling : TLS/SSL failure for mail.dental-channel.co.uk: SSL negotiation failed

******************************************************************************************************************************************************
********************     11 June 2024 11:25     ********************
AcyMailing Triggered at 11 June 2024 11:25
0 messages processed : 0 successful, 0 failed
Bounce Handling : TLS/SSL failure for mail.dental-channel.co.uk: SSL negotiation failed

******************************************************************************************************************************************************
********************     12 June 2024 11:30     ********************
AcyMailing Triggered at 12 June 2024 11:30
0 messages processed : 0 successful, 0 failed
Bounce Handling : TLS/SSL failure for mail.dental-channel.co.uk: SSL negotiation failed

******************************************************************************************************************************************************
********************     13 June 2024 11:35     ********************
AcyMailing Triggered at 13 June 2024 11:35
0 messages processed : 0 successful, 0 failed
Bounce Handling : TLS/SSL failure for mail.dental-channel.co.uk: SSL negotiation failed

******************************************************************************************************************************************************
********************     14 June 2024 11:40     ********************
AcyMailing Triggered at 14 June 2024 11:40
0 messages processed : 0 successful, 0 failed
Bounce Handling : TLS/SSL failure for mail.dental-channel.co.uk: SSL negotiation failed

******************************************************************************************************************************************************
********************     15 June 2024 11:40     ********************
AcyMailing Triggered at 15 June 2024 11:40
0 messages processed : 0 successful, 0 failed
Bounce Handling : TLS/SSL failure for mail.dental-channel.co.uk: SSL negotiation failed

******************************************************************************************************************************************************
********************     16 June 2024 11:45     ********************
AcyMailing Triggered at 16 June 2024 11:45
0 messages processed : 0 successful, 0 failed
Bounce Handling : TLS/SSL failure for mail.dental-channel.co.uk: SSL negotiation failed

******************************************************************************************************************************************************
********************     17 June 2024 11:45     ********************
AcyMailing Triggered at 17 June 2024 11:45
0 messages processed : 0 successful, 0 failed
Bounce Handling : TLS/SSL failure for mail.dental-channel.co.uk: SSL negotiation failed

******************************************************************************************************************************************************
********************     18 June 2024 11:50     ********************
AcyMailing Triggered at 18 June 2024 11:50
0 messages processed : 0 successful, 0 failed
Bounce Handling : TLS/SSL failure for mail.dental-channel.co.uk: SSL negotiation failed

******************************************************************************************************************************************************
********************     19 June 2024 11:55     ********************
AcyMailing Triggered at 19 June 2024 11:55
0 messages processed : 0 successful, 0 failed
Bounce Handling : TLS/SSL failure for mail.dental-channel.co.uk: SSL negotiation failed

******************************************************************************************************************************************************
********************     20 June 2024 12:00     ********************
AcyMailing Triggered at 20 June 2024 12:00
0 messages processed : 0 successful, 0 failed
Bounce Handling : TLS/SSL failure for mail.dental-channel.co.uk: SSL negotiation failed

******************************************************************************************************************************************************
********************     21 June 2024 12:00     ********************
AcyMailing Triggered at 21 June 2024 12:00
0 messages processed : 0 successful, 0 failed
Bounce Handling : TLS/SSL failure for mail.dental-channel.co.uk: SSL negotiation failed

******************************************************************************************************************************************************
********************     22 June 2024 12:05     ********************
AcyMailing Triggered at 22 June 2024 12:05
0 messages processed : 0 successful, 0 failed
Bounce Handling : TLS/SSL failure for mail.dental-channel.co.uk: SSL negotiation failed

******************************************************************************************************************************************************
********************     23 June 2024 12:10     ********************
AcyMailing Triggered at 23 June 2024 12:10
0 messages processed : 0 successful, 0 failed
Bounce Handling : TLS/SSL failure for mail.dental-channel.co.uk: SSL negotiation failed

******************************************************************************************************************************************************
********************     24 June 2024 12:15     ********************
AcyMailing Triggered at 24 June 2024 12:15
0 messages processed : 0 successful, 0 failed
Bounce Handling : TLS/SSL failure for mail.dental-channel.co.uk: SSL negotiation failed

******************************************************************************************************************************************************
********************     25 June 2024 12:20     ********************
AcyMailing Triggered at 25 June 2024 12:20
0 messages processed : 0 successful, 0 failed
Bounce Handling : TLS/SSL failure for mail.dental-channel.co.uk: SSL negotiation failed

******************************************************************************************************************************************************
********************     26 June 2024 12:20     ********************
AcyMailing Triggered at 26 June 2024 12:20
0 messages processed : 0 successful, 0 failed
Bounce Handling : TLS/SSL failure for mail.dental-channel.co.uk: SSL negotiation failed

******************************************************************************************************************************************************
********************     27 June 2024 12:25     ********************
AcyMailing Triggered at 27 June 2024 12:25
0 messages processed : 0 successful, 0 failed
Bounce Handling : TLS/SSL failure for mail.dental-channel.co.uk: SSL negotiation failed

******************************************************************************************************************************************************
********************     28 June 2024 12:30     ********************
AcyMailing Triggered at 28 June 2024 12:30
0 messages processed : 0 successful, 0 failed
Bounce Handling : TLS/SSL failure for mail.dental-channel.co.uk: SSL negotiation failed

******************************************************************************************************************************************************
********************     29 June 2024 12:30     ********************
AcyMailing Triggered at 29 June 2024 12:30
0 messages processed : 0 successful, 0 failed
Bounce Handling : TLS/SSL failure for mail.dental-channel.co.uk: SSL negotiation failed

******************************************************************************************************************************************************
********************     30 June 2024 12:35     ********************
AcyMailing Triggered at 30 June 2024 12:35
0 messages processed : 0 successful, 0 failed
Bounce Handling : TLS/SSL failure for mail.dental-channel.co.uk: SSL negotiation failed