

******************************************************************************************************************************************************
********************     01 May 2024 08:30     ********************
AcyMailing Triggered at 01 May 2024 08:30
0 messages processed : 0 successful, 0 failed
Bounce Handling : TLS/SSL failure for mail.dental-channel.co.uk: SSL negotiation failed

******************************************************************************************************************************************************
********************     02 May 2024 08:35     ********************
AcyMailing Triggered at 02 May 2024 08:35
0 messages processed : 0 successful, 0 failed
Bounce Handling : TLS/SSL failure for mail.dental-channel.co.uk: SSL negotiation failed

******************************************************************************************************************************************************
********************     03 May 2024 08:40     ********************
AcyMailing Triggered at 03 May 2024 08:40
0 messages processed : 0 successful, 0 failed
Bounce Handling : TLS/SSL failure for mail.dental-channel.co.uk: SSL negotiation failed

******************************************************************************************************************************************************
********************     04 May 2024 08:45     ********************
AcyMailing Triggered at 04 May 2024 08:45
0 messages processed : 0 successful, 0 failed
Bounce Handling : TLS/SSL failure for mail.dental-channel.co.uk: SSL negotiation failed

******************************************************************************************************************************************************
********************     05 May 2024 08:45     ********************
AcyMailing Triggered at 05 May 2024 08:45
0 messages processed : 0 successful, 0 failed
Bounce Handling : TLS/SSL failure for mail.dental-channel.co.uk: SSL negotiation failed

******************************************************************************************************************************************************
********************     06 May 2024 08:50     ********************
AcyMailing Triggered at 06 May 2024 08:50
0 messages processed : 0 successful, 0 failed
Bounce Handling : TLS/SSL failure for mail.dental-channel.co.uk: SSL negotiation failed

******************************************************************************************************************************************************
********************     07 May 2024 08:55     ********************
AcyMailing Triggered at 07 May 2024 08:55
0 messages processed : 0 successful, 0 failed
Bounce Handling : TLS/SSL failure for mail.dental-channel.co.uk: SSL negotiation failed

******************************************************************************************************************************************************
********************     08 May 2024 08:55     ********************
AcyMailing Triggered at 08 May 2024 08:55
0 messages processed : 0 successful, 0 failed
Bounce Handling : TLS/SSL failure for mail.dental-channel.co.uk: SSL negotiation failed

******************************************************************************************************************************************************
********************     09 May 2024 09:00     ********************
AcyMailing Triggered at 09 May 2024 09:00
0 messages processed : 0 successful, 0 failed
Bounce Handling : TLS/SSL failure for mail.dental-channel.co.uk: SSL negotiation failed

******************************************************************************************************************************************************
********************     10 May 2024 09:05     ********************
AcyMailing Triggered at 10 May 2024 09:05
0 messages processed : 0 successful, 0 failed
Bounce Handling : TLS/SSL failure for mail.dental-channel.co.uk: SSL negotiation failed

******************************************************************************************************************************************************
********************     11 May 2024 09:05     ********************
AcyMailing Triggered at 11 May 2024 09:05
0 messages processed : 0 successful, 0 failed
Bounce Handling : TLS/SSL failure for mail.dental-channel.co.uk: SSL negotiation failed

******************************************************************************************************************************************************
********************     12 May 2024 09:10     ********************
AcyMailing Triggered at 12 May 2024 09:10
0 messages processed : 0 successful, 0 failed
Bounce Handling : TLS/SSL failure for mail.dental-channel.co.uk: SSL negotiation failed

******************************************************************************************************************************************************
********************     13 May 2024 09:10     ********************
AcyMailing Triggered at 13 May 2024 09:10
0 messages processed : 0 successful, 0 failed
Bounce Handling : TLS/SSL failure for mail.dental-channel.co.uk: SSL negotiation failed

******************************************************************************************************************************************************
********************     14 May 2024 09:15     ********************
AcyMailing Triggered at 14 May 2024 09:15
0 messages processed : 0 successful, 0 failed
Bounce Handling : TLS/SSL failure for mail.dental-channel.co.uk: SSL negotiation failed

******************************************************************************************************************************************************
********************     15 May 2024 09:20     ********************
AcyMailing Triggered at 15 May 2024 09:20
0 messages processed : 0 successful, 0 failed
Bounce Handling : TLS/SSL failure for mail.dental-channel.co.uk: SSL negotiation failed

******************************************************************************************************************************************************
********************     16 May 2024 09:25     ********************
AcyMailing Triggered at 16 May 2024 09:25
0 messages processed : 0 successful, 0 failed
Bounce Handling : TLS/SSL failure for mail.dental-channel.co.uk: SSL negotiation failed

******************************************************************************************************************************************************
********************     17 May 2024 09:30     ********************
AcyMailing Triggered at 17 May 2024 09:30
0 messages processed : 0 successful, 0 failed
Bounce Handling : TLS/SSL failure for mail.dental-channel.co.uk: SSL negotiation failed

******************************************************************************************************************************************************
********************     18 May 2024 09:35     ********************
AcyMailing Triggered at 18 May 2024 09:35
0 messages processed : 0 successful, 0 failed
Bounce Handling : TLS/SSL failure for mail.dental-channel.co.uk: SSL negotiation failed

******************************************************************************************************************************************************
********************     19 May 2024 09:40     ********************
AcyMailing Triggered at 19 May 2024 09:40
0 messages processed : 0 successful, 0 failed
Bounce Handling : TLS/SSL failure for mail.dental-channel.co.uk: SSL negotiation failed

******************************************************************************************************************************************************
********************     20 May 2024 09:45     ********************
AcyMailing Triggered at 20 May 2024 09:45
0 messages processed : 0 successful, 0 failed
Bounce Handling : TLS/SSL failure for mail.dental-channel.co.uk: SSL negotiation failed

******************************************************************************************************************************************************
********************     21 May 2024 09:50     ********************
AcyMailing Triggered at 21 May 2024 09:50
0 messages processed : 0 successful, 0 failed
Bounce Handling : TLS/SSL failure for mail.dental-channel.co.uk: SSL negotiation failed

******************************************************************************************************************************************************
********************     22 May 2024 09:55     ********************
AcyMailing Triggered at 22 May 2024 09:55
0 messages processed : 0 successful, 0 failed
Bounce Handling : TLS/SSL failure for mail.dental-channel.co.uk: SSL negotiation failed

******************************************************************************************************************************************************
********************     23 May 2024 10:00     ********************
AcyMailing Triggered at 23 May 2024 10:00
0 messages processed : 0 successful, 0 failed
Bounce Handling : TLS/SSL failure for mail.dental-channel.co.uk: SSL negotiation failed

******************************************************************************************************************************************************
********************     24 May 2024 10:05     ********************
AcyMailing Triggered at 24 May 2024 10:05
0 messages processed : 0 successful, 0 failed
Bounce Handling : TLS/SSL failure for mail.dental-channel.co.uk: SSL negotiation failed

******************************************************************************************************************************************************
********************     25 May 2024 10:10     ********************
AcyMailing Triggered at 25 May 2024 10:10
0 messages processed : 0 successful, 0 failed
Bounce Handling : TLS/SSL failure for mail.dental-channel.co.uk: SSL negotiation failed

******************************************************************************************************************************************************
********************     26 May 2024 10:15     ********************
AcyMailing Triggered at 26 May 2024 10:15
0 messages processed : 0 successful, 0 failed
Bounce Handling : TLS/SSL failure for mail.dental-channel.co.uk: SSL negotiation failed

******************************************************************************************************************************************************
********************     27 May 2024 10:20     ********************
AcyMailing Triggered at 27 May 2024 10:20
0 messages processed : 0 successful, 0 failed
Bounce Handling : TLS/SSL failure for mail.dental-channel.co.uk: SSL negotiation failed

******************************************************************************************************************************************************
********************     28 May 2024 10:20     ********************
AcyMailing Triggered at 28 May 2024 10:20
0 messages processed : 0 successful, 0 failed
Bounce Handling : TLS/SSL failure for mail.dental-channel.co.uk: SSL negotiation failed

******************************************************************************************************************************************************
********************     29 May 2024 10:25     ********************
AcyMailing Triggered at 29 May 2024 10:25
0 messages processed : 0 successful, 0 failed
Bounce Handling : TLS/SSL failure for mail.dental-channel.co.uk: SSL negotiation failed

******************************************************************************************************************************************************
********************     30 May 2024 10:25     ********************
AcyMailing Triggered at 30 May 2024 10:25
0 messages processed : 0 successful, 0 failed
Bounce Handling : TLS/SSL failure for mail.dental-channel.co.uk: SSL negotiation failed

******************************************************************************************************************************************************
********************     31 May 2024 10:30     ********************
AcyMailing Triggered at 31 May 2024 10:30
0 messages processed : 0 successful, 0 failed
Bounce Handling : TLS/SSL failure for mail.dental-channel.co.uk: SSL negotiation failed