

******************************************************************************************************************************************************
********************     01 March 2025 19:10     ********************
AcyMailing Triggered at 01 March 2025 19:10
0 messages processed : 0 successful, 0 failed
Bounce Handling : TLS/SSL failure for mail.dental-channel.co.uk: SSL negotiation failed

******************************************************************************************************************************************************
********************     02 March 2025 19:10     ********************
AcyMailing Triggered at 02 March 2025 19:10
0 messages processed : 0 successful, 0 failed
Bounce Handling : TLS/SSL failure for mail.dental-channel.co.uk: SSL negotiation failed

******************************************************************************************************************************************************
********************     03 March 2025 19:15     ********************
AcyMailing Triggered at 03 March 2025 19:15
0 messages processed : 0 successful, 0 failed
Bounce Handling : TLS/SSL failure for mail.dental-channel.co.uk: SSL negotiation failed

******************************************************************************************************************************************************
********************     04 March 2025 19:20     ********************
AcyMailing Triggered at 04 March 2025 19:20
0 messages processed : 0 successful, 0 failed
Bounce Handling : TLS/SSL failure for mail.dental-channel.co.uk: SSL negotiation failed

******************************************************************************************************************************************************
********************     05 March 2025 19:25     ********************
AcyMailing Triggered at 05 March 2025 19:25
0 messages processed : 0 successful, 0 failed
Bounce Handling : TLS/SSL failure for mail.dental-channel.co.uk: SSL negotiation failed

******************************************************************************************************************************************************
********************     06 March 2025 19:30     ********************
AcyMailing Triggered at 06 March 2025 19:30
0 messages processed : 0 successful, 0 failed
Bounce Handling : TLS/SSL failure for mail.dental-channel.co.uk: SSL negotiation failed

******************************************************************************************************************************************************
********************     07 March 2025 19:30     ********************
AcyMailing Triggered at 07 March 2025 19:30
0 messages processed : 0 successful, 0 failed
Bounce Handling : TLS/SSL failure for mail.dental-channel.co.uk: SSL negotiation failed

******************************************************************************************************************************************************
********************     08 March 2025 19:35     ********************
AcyMailing Triggered at 08 March 2025 19:35
0 messages processed : 0 successful, 0 failed
Bounce Handling : TLS/SSL failure for mail.dental-channel.co.uk: SSL negotiation failed

******************************************************************************************************************************************************
********************     09 March 2025 19:40     ********************
AcyMailing Triggered at 09 March 2025 19:40
0 messages processed : 0 successful, 0 failed
Bounce Handling : TLS/SSL failure for mail.dental-channel.co.uk: SSL negotiation failed

******************************************************************************************************************************************************
********************     10 March 2025 19:45     ********************
AcyMailing Triggered at 10 March 2025 19:45
0 messages processed : 0 successful, 0 failed
Bounce Handling : TLS/SSL failure for mail.dental-channel.co.uk: SSL negotiation failed

******************************************************************************************************************************************************
********************     11 March 2025 19:50     ********************
AcyMailing Triggered at 11 March 2025 19:50
0 messages processed : 0 successful, 0 failed
Bounce Handling : TLS/SSL failure for mail.dental-channel.co.uk: SSL negotiation failed

******************************************************************************************************************************************************
********************     12 March 2025 19:55     ********************
AcyMailing Triggered at 12 March 2025 19:55
0 messages processed : 0 successful, 0 failed
Bounce Handling : TLS/SSL failure for mail.dental-channel.co.uk: SSL negotiation failed

******************************************************************************************************************************************************
********************     13 March 2025 20:00     ********************
AcyMailing Triggered at 13 March 2025 20:00
0 messages processed : 0 successful, 0 failed
Bounce Handling : TLS/SSL failure for mail.dental-channel.co.uk: SSL negotiation failed

******************************************************************************************************************************************************
********************     14 March 2025 20:05     ********************
AcyMailing Triggered at 14 March 2025 20:05
0 messages processed : 0 successful, 0 failed
Bounce Handling : TLS/SSL failure for mail.dental-channel.co.uk: SSL negotiation failed

******************************************************************************************************************************************************
********************     15 March 2025 20:10     ********************
AcyMailing Triggered at 15 March 2025 20:10
0 messages processed : 0 successful, 0 failed
Bounce Handling : TLS/SSL failure for mail.dental-channel.co.uk: SSL negotiation failed

******************************************************************************************************************************************************
********************     16 March 2025 20:15     ********************
AcyMailing Triggered at 16 March 2025 20:15
0 messages processed : 0 successful, 0 failed
Bounce Handling : TLS/SSL failure for mail.dental-channel.co.uk: SSL negotiation failed

******************************************************************************************************************************************************
********************     17 March 2025 20:15     ********************
AcyMailing Triggered at 17 March 2025 20:15
0 messages processed : 0 successful, 0 failed
Bounce Handling : TLS/SSL failure for mail.dental-channel.co.uk: SSL negotiation failed

******************************************************************************************************************************************************
********************     18 March 2025 20:20     ********************
AcyMailing Triggered at 18 March 2025 20:20
0 messages processed : 0 successful, 0 failed
Bounce Handling : TLS/SSL failure for mail.dental-channel.co.uk: SSL negotiation failed

******************************************************************************************************************************************************
********************     19 March 2025 20:25     ********************
AcyMailing Triggered at 19 March 2025 20:25
0 messages processed : 0 successful, 0 failed
Bounce Handling : TLS/SSL failure for mail.dental-channel.co.uk: SSL negotiation failed

******************************************************************************************************************************************************
********************     20 March 2025 20:30     ********************
AcyMailing Triggered at 20 March 2025 20:30
0 messages processed : 0 successful, 0 failed
Bounce Handling : TLS/SSL failure for mail.dental-channel.co.uk: SSL negotiation failed

******************************************************************************************************************************************************
********************     21 March 2025 20:35     ********************
AcyMailing Triggered at 21 March 2025 20:35
0 messages processed : 0 successful, 0 failed
Bounce Handling : TLS/SSL failure for mail.dental-channel.co.uk: SSL negotiation failed

******************************************************************************************************************************************************
********************     22 March 2025 20:35     ********************
AcyMailing Triggered at 22 March 2025 20:35
0 messages processed : 0 successful, 0 failed
Bounce Handling : TLS/SSL failure for mail.dental-channel.co.uk: SSL negotiation failed

******************************************************************************************************************************************************
********************     23 March 2025 20:40     ********************
AcyMailing Triggered at 23 March 2025 20:40
0 messages processed : 0 successful, 0 failed
Bounce Handling : TLS/SSL failure for mail.dental-channel.co.uk: SSL negotiation failed

******************************************************************************************************************************************************
********************     24 March 2025 20:40     ********************
AcyMailing Triggered at 24 March 2025 20:40
0 messages processed : 0 successful, 0 failed
Bounce Handling : TLS/SSL failure for mail.dental-channel.co.uk: SSL negotiation failed

******************************************************************************************************************************************************
********************     25 March 2025 20:45     ********************
AcyMailing Triggered at 25 March 2025 20:45
0 messages processed : 0 successful, 0 failed
Bounce Handling : TLS/SSL failure for mail.dental-channel.co.uk: SSL negotiation failed

******************************************************************************************************************************************************
********************     26 March 2025 20:50     ********************
AcyMailing Triggered at 26 March 2025 20:50
0 messages processed : 0 successful, 0 failed
Bounce Handling : TLS/SSL failure for mail.dental-channel.co.uk: SSL negotiation failed

******************************************************************************************************************************************************
********************     27 March 2025 20:55     ********************
AcyMailing Triggered at 27 March 2025 20:55
0 messages processed : 0 successful, 0 failed
Bounce Handling : TLS/SSL failure for mail.dental-channel.co.uk: SSL negotiation failed

******************************************************************************************************************************************************
********************     28 March 2025 21:00     ********************
AcyMailing Triggered at 28 March 2025 21:00
0 messages processed : 0 successful, 0 failed
Bounce Handling : TLS/SSL failure for mail.dental-channel.co.uk: SSL negotiation failed

******************************************************************************************************************************************************
********************     29 March 2025 21:05     ********************
AcyMailing Triggered at 29 March 2025 21:05
0 messages processed : 0 successful, 0 failed
Bounce Handling : TLS/SSL failure for mail.dental-channel.co.uk: SSL negotiation failed

******************************************************************************************************************************************************
********************     30 March 2025 22:10     ********************
AcyMailing Triggered at 30 March 2025 22:10
0 messages processed : 0 successful, 0 failed
Bounce Handling : TLS/SSL failure for mail.dental-channel.co.uk: SSL negotiation failed

******************************************************************************************************************************************************
********************     31 March 2025 22:15     ********************
AcyMailing Triggered at 31 March 2025 22:15
0 messages processed : 0 successful, 0 failed
Bounce Handling : TLS/SSL failure for mail.dental-channel.co.uk: SSL negotiation failed