

******************************************************************************************************************************************************
********************     22 August 2020 16:30     ********************
AcyMailing Triggered at 22 August 2020 16:30
0 messages processed : 0 successful, 0 failed
1 Newsletters scheduled
---- Details ----
300 emails have been added to the queue for the Scheduled Newsletter [ID 249] <b><i>Another six courses for hygienists and therapists courtesy of TePe Connect</i></b>

******************************************************************************************************************************************************
********************     22 August 2020 16:45     ********************
AcyMailing Triggered at 22 August 2020 16:45
100 messages processed : 100 successful, 0 failed
---- Details ----
[ ID 249] Message Another six courses for hygienists and therapists courtesy of TePe Connect successfully sent to agouldtdc@gmail.com
[ ID 249] Message Another six courses for hygienists and therapists courtesy of TePe Connect successfully sent to renata.lainchbury@gmail.com
[ ID 249] Message Another six courses for hygienists and therapists courtesy of TePe Connect successfully sent to nnedelec@yahoo.co.uk
[ ID 249] Message Another six courses for hygienists and therapists courtesy of TePe Connect successfully sent to jjdroney@yahoo.com
[ ID 249] Message Another six courses for hygienists and therapists courtesy of TePe Connect successfully sent to elizabeth.gee@btinternet.com
[ ID 249] Message Another six courses for hygienists and therapists courtesy of TePe Connect successfully sent to Waldrocg@tcd.ie
[ ID 249] Message Another six courses for hygienists and therapists courtesy of TePe Connect successfully sent to oioitoon@aol.com
[ ID 249] Message Another six courses for hygienists and therapists courtesy of TePe Connect successfully sent to mike.g.wheeler@talk21.com
[ ID 249] Message Another six courses for hygienists and therapists courtesy of TePe Connect successfully sent to Scottishtlo@bsdht.org.uk
[ ID 249] Message Another six courses for hygienists and therapists courtesy of TePe Connect successfully sent to hygmasters@hotmail.com
[ ID 249] Message Another six courses for hygienists and therapists courtesy of TePe Connect successfully sent to pamelajack150@aol.com
[ ID 249] Message Another six courses for hygienists and therapists courtesy of TePe Connect successfully sent to lina.kanters@tepe.com
[ ID 249] Message Another six courses for hygienists and therapists courtesy of TePe Connect successfully sent to lauraj1705@gmail.com
[ ID 249] Message Another six courses for hygienists and therapists courtesy of TePe Connect successfully sent to JCOYLE201@caledonian.ac.uk
[ ID 249] Message Another six courses for hygienists and therapists courtesy of TePe Connect successfully sent to rachel.munson1970@btinternet.com
[ ID 249] Message Another six courses for hygienists and therapists courtesy of TePe Connect successfully sent to s_beebs@hotmail.com
[ ID 249] Message Another six courses for hygienists and therapists courtesy of TePe Connect successfully sent to tsplummer13@yahoo.com
[ ID 249] Message Another six courses for hygienists and therapists courtesy of TePe Connect successfully sent to misskrissyb@hotmail.com
[ ID 249] Message Another six courses for hygienists and therapists courtesy of TePe Connect successfully sent to isobelminogue@yahoo.co.uk
[ ID 249] Message Another six courses for hygienists and therapists courtesy of TePe Connect successfully sent to jamiemalisa@live.co.uk
[ ID 249] Message Another six courses for hygienists and therapists courtesy of TePe Connect successfully sent to abarron1992@hotmail.co.uk
[ ID 249] Message Another six courses for hygienists and therapists courtesy of TePe Connect successfully sent to alisonhaeney@icloud.com
[ ID 249] Message Another six courses for hygienists and therapists courtesy of TePe Connect successfully sent to catherinehfe@live.co.uk
[ ID 249] Message Another six courses for hygienists and therapists courtesy of TePe Connect successfully sent to crossmoorlodge@hotmail.co.uk
[ ID 249] Message Another six courses for hygienists and therapists courtesy of TePe Connect successfully sent to dj.jackson@sky.com
[ ID 249] Message Another six courses for hygienists and therapists courtesy of TePe Connect successfully sent to bobbo_p@hotmail.com
[ ID 249] Message Another six courses for hygienists and therapists courtesy of TePe Connect successfully sent to gilliankilrush@hotmail.com
[ ID 249] Message Another six courses for hygienists and therapists courtesy of TePe Connect successfully sent to kerrykerry10@hotmail.co.uk
[ ID 249] Message Another six courses for hygienists and therapists courtesy of TePe Connect successfully sent to miska820@yahoo.com
[ ID 249] Message Another six courses for hygienists and therapists courtesy of TePe Connect successfully sent to sandrathompson6@hotmail.com
[ ID 249] Message Another six courses for hygienists and therapists courtesy of TePe Connect successfully sent to yazpeachey@aol.com
[ ID 249] Message Another six courses for hygienists and therapists courtesy of TePe Connect successfully sent to caroline@bucerzan.com
[ ID 249] Message Another six courses for hygienists and therapists courtesy of TePe Connect successfully sent to zitawhite@hotmail.com
[ ID 249] Message Another six courses for hygienists and therapists courtesy of TePe Connect successfully sent to tracydoole@hotmail.co.uk
[ ID 249] Message Another six courses for hygienists and therapists courtesy of TePe Connect successfully sent to amanda.sheehan@tepe.com
[ ID 249] Message Another six courses for hygienists and therapists courtesy of TePe Connect successfully sent to ruthdavidson30@gmail.com
[ ID 249] Message Another six courses for hygienists and therapists courtesy of TePe Connect successfully sent to griffiths.judy@gmail.com
[ ID 249] Message Another six courses for hygienists and therapists courtesy of TePe Connect successfully sent to jennynicoll6@gmail.com
[ ID 249] Message Another six courses for hygienists and therapists courtesy of TePe Connect successfully sent to jcforth52@gmail.com
[ ID 249] Message Another six courses for hygienists and therapists courtesy of TePe Connect successfully sent to dindy_mccallum@sky.com
[ ID 249] Message Another six courses for hygienists and therapists courtesy of TePe Connect successfully sent to lisaantonia.66@gmail.com
[ ID 249] Message Another six courses for hygienists and therapists courtesy of TePe Connect successfully sent to shelleyhigsonsmith@hotmail.com
[ ID 249] Message Another six courses for hygienists and therapists courtesy of TePe Connect successfully sent to helen_parsons@icloud.com
[ ID 249] Message Another six courses for hygienists and therapists courtesy of TePe Connect successfully sent to nic101101@hotmail.com
[ ID 249] Message Another six courses for hygienists and therapists courtesy of TePe Connect successfully sent to Kim.clapham@yahoo.co.uk
[ ID 249] Message Another six courses for hygienists and therapists courtesy of TePe Connect successfully sent to sam-burton@hotmail.co.uk
[ ID 249] Message Another six courses for hygienists and therapists courtesy of TePe Connect successfully sent to Lotte.hinchcliffe@googlemail.com
[ ID 249] Message Another six courses for hygienists and therapists courtesy of TePe Connect successfully sent to emmaryan101@hotmail.com
[ ID 249] Message Another six courses for hygienists and therapists courtesy of TePe Connect successfully sent to Gillhemmings@hotmail.co.uk
[ ID 249] Message Another six courses for hygienists and therapists courtesy of TePe Connect successfully sent to kaz_skelly@hotmail.com
[ ID 249] Message Another six courses for hygienists and therapists courtesy of TePe Connect successfully sent to eva.traum@bupadentalcare.co.uk
[ ID 249] Message Another six courses for hygienists and therapists courtesy of TePe Connect successfully sent to emablack@live.co.uk
[ ID 249] Message Another six courses for hygienists and therapists courtesy of TePe Connect successfully sent to claire.maasz@gmail.com
[ ID 249] Message Another six courses for hygienists and therapists courtesy of TePe Connect successfully sent to rachael@ee-mail.me
[ ID 249] Message Another six courses for hygienists and therapists courtesy of TePe Connect successfully sent to jo.barber01@gmail.com
[ ID 249] Message Another six courses for hygienists and therapists courtesy of TePe Connect successfully sent to hilary.kembery@btinternet.com
[ ID 249] Message Another six courses for hygienists and therapists courtesy of TePe Connect successfully sent to hygienegirl2000@yahoo.co.uk
[ ID 249] Message Another six courses for hygienists and therapists courtesy of TePe Connect successfully sent to a.turner2@leeds.ac.uk
[ ID 249] Message Another six courses for hygienists and therapists courtesy of TePe Connect successfully sent to staceylslater@yahoo.co.uk
[ ID 249] Message Another six courses for hygienists and therapists courtesy of TePe Connect successfully sent to debbieaking80@gmail.com
[ ID 249] Message Another six courses for hygienists and therapists courtesy of TePe Connect successfully sent to lesleyabramwell@hotmail.com
[ ID 249] Message Another six courses for hygienists and therapists courtesy of TePe Connect successfully sent to janey_bee@yahoo.com
[ ID 249] Message Another six courses for hygienists and therapists courtesy of TePe Connect successfully sent to Katiegovier@hotmail.com
[ ID 249] Message Another six courses for hygienists and therapists courtesy of TePe Connect successfully sent to mabelsmum@googlemail.com
[ ID 249] Message Another six courses for hygienists and therapists courtesy of TePe Connect successfully sent to pelagiakap@gmail.com
[ ID 249] Message Another six courses for hygienists and therapists courtesy of TePe Connect successfully sent to lynnepin@hotmail.com
[ ID 249] Message Another six courses for hygienists and therapists courtesy of TePe Connect successfully sent to lornamilligan@hotmail.com
[ ID 249] Message Another six courses for hygienists and therapists courtesy of TePe Connect successfully sent to niloofarrasooli89@hotmail.co.uk
[ ID 249] Message Another six courses for hygienists and therapists courtesy of TePe Connect successfully sent to liz_gabbott@hotmail.com
[ ID 249] Message Another six courses for hygienists and therapists courtesy of TePe Connect successfully sent to melissamccarthy90@hotmail.com
[ ID 249] Message Another six courses for hygienists and therapists courtesy of TePe Connect successfully sent to katiemurtagh1@eircom.net
[ ID 249] Message Another six courses for hygienists and therapists courtesy of TePe Connect successfully sent to vdiana57@yahoo.co.uk
[ ID 249] Message Another six courses for hygienists and therapists courtesy of TePe Connect successfully sent to acdental88@gmail.com
[ ID 249] Message Another six courses for hygienists and therapists courtesy of TePe Connect successfully sent to joboulby@hotmail.co.uk
[ ID 249] Message Another six courses for hygienists and therapists courtesy of TePe Connect successfully sent to christinesupiot@gmail.com
[ ID 249] Message Another six courses for hygienists and therapists courtesy of TePe Connect successfully sent to highlanddental@btinternet.com
[ ID 249] Message Another six courses for hygienists and therapists courtesy of TePe Connect successfully sent to mehrzad.dianat@yahoo.co.uk
[ ID 249] Message Another six courses for hygienists and therapists courtesy of TePe Connect successfully sent to lorrainepaul123@msn.com
[ ID 249] Message Another six courses for hygienists and therapists courtesy of TePe Connect successfully sent to kirstyn.herriott@outlook.com
[ ID 249] Message Another six courses for hygienists and therapists courtesy of TePe Connect successfully sent to nita.hennessy@hotmail.co.uk
[ ID 249] Message Another six courses for hygienists and therapists courtesy of TePe Connect successfully sent to anammono@gmail.com
[ ID 249] Message Another six courses for hygienists and therapists courtesy of TePe Connect successfully sent to isobel.hurst@live.co.uk
[ ID 249] Message Another six courses for hygienists and therapists courtesy of TePe Connect successfully sent to elh20@hotmail.com
[ ID 249] Message Another six courses for hygienists and therapists courtesy of TePe Connect successfully sent to joymonk@freeuk.com
[ ID 249] Message Another six courses for hygienists and therapists courtesy of TePe Connect successfully sent to jane_jackson@talk21.com
[ ID 249] Message Another six courses for hygienists and therapists courtesy of TePe Connect successfully sent to k.j.harris@sky.com
[ ID 249] Message Another six courses for hygienists and therapists courtesy of TePe Connect successfully sent to hapreston@hotmail.com
[ ID 249] Message Another six courses for hygienists and therapists courtesy of TePe Connect successfully sent to Fiona.flyingsmiles@gmail.com
[ ID 249] Message Another six courses for hygienists and therapists courtesy of TePe Connect successfully sent to rosiemariefaith@hotmail.co.uk
[ ID 249] Message Another six courses for hygienists and therapists courtesy of TePe Connect successfully sent to ca.dentaltherapy@gmail.com
[ ID 249] Message Another six courses for hygienists and therapists courtesy of TePe Connect successfully sent to melanieflinders99@gmail.com
[ ID 249] Message Another six courses for hygienists and therapists courtesy of TePe Connect successfully sent to karenward72@googlemail.com
[ ID 249] Message Another six courses for hygienists and therapists courtesy of TePe Connect successfully sent to meghan_lamb@sky.com
[ ID 249] Message Another six courses for hygienists and therapists courtesy of TePe Connect successfully sent to hayli.hamer@gmail.com
[ ID 249] Message Another six courses for hygienists and therapists courtesy of TePe Connect successfully sent to m4nnb@yahoo.com
[ ID 249] Message Another six courses for hygienists and therapists courtesy of TePe Connect successfully sent to beth.cockayne@sky.com
[ ID 249] Message Another six courses for hygienists and therapists courtesy of TePe Connect successfully sent to lizhartigan@hotmail.co.uk
[ ID 249] Message Another six courses for hygienists and therapists courtesy of TePe Connect successfully sent to joyok2002@yahoo.com
[ ID 249] Message Another six courses for hygienists and therapists courtesy of TePe Connect successfully sent to maryepennington@icloud.com
[ ID 249] Message Another six courses for hygienists and therapists courtesy of TePe Connect successfully sent to grnmbeckett@blueyonder.co.uk

******************************************************************************************************************************************************
********************     22 August 2020 16:50     ********************
AcyMailing Triggered at 22 August 2020 16:50
100 messages processed : 100 successful, 0 failed
---- Details ----
[ ID 249] Message Another six courses for hygienists and therapists courtesy of TePe Connect successfully sent to natasha_joshi@hotmail.com
[ ID 249] Message Another six courses for hygienists and therapists courtesy of TePe Connect successfully sent to lois@chewtertowers.com
[ ID 249] Message Another six courses for hygienists and therapists courtesy of TePe Connect successfully sent to gilliancogdell@hotmail.co.uk
[ ID 249] Message Another six courses for hygienists and therapists courtesy of TePe Connect successfully sent to georginavero@hotmail.co.uk
[ ID 249] Message Another six courses for hygienists and therapists courtesy of TePe Connect successfully sent to expatcanuk@gmail.com
[ ID 249] Message Another six courses for hygienists and therapists courtesy of TePe Connect successfully sent to kactus.jeff@gmail.com
[ ID 249] Message Another six courses for hygienists and therapists courtesy of TePe Connect successfully sent to jim.kathryn@btopenworld.com
[ ID 249] Message Another six courses for hygienists and therapists courtesy of TePe Connect successfully sent to wm.hygienist@yahoo.co.uk
[ ID 249] Message Another six courses for hygienists and therapists courtesy of TePe Connect successfully sent to sarah.whitwell@hotmail.com
[ ID 249] Message Another six courses for hygienists and therapists courtesy of TePe Connect successfully sent to thebrooksies1@btinternet.com
[ ID 249] Message Another six courses for hygienists and therapists courtesy of TePe Connect successfully sent to maryrbalmer@me.com
[ ID 249] Message Another six courses for hygienists and therapists courtesy of TePe Connect successfully sent to kjlawrence@gmx.co.uk
[ ID 249] Message Another six courses for hygienists and therapists courtesy of TePe Connect successfully sent to rebeccajking@gmail.com
[ ID 249] Message Another six courses for hygienists and therapists courtesy of TePe Connect successfully sent to lizlowsby83@hotmail.co.uk
[ ID 249] Message Another six courses for hygienists and therapists courtesy of TePe Connect successfully sent to janegolightly@hotmail.co.uk
[ ID 249] Message Another six courses for hygienists and therapists courtesy of TePe Connect successfully sent to jacquiepinto52@gmail.com
[ ID 249] Message Another six courses for hygienists and therapists courtesy of TePe Connect successfully sent to robinlye.ph@gmail.com
[ ID 249] Message Another six courses for hygienists and therapists courtesy of TePe Connect successfully sent to s.riordan@leeds.ac.uk
[ ID 249] Message Another six courses for hygienists and therapists courtesy of TePe Connect successfully sent to aileenrobbie@hotmail.co.uk
[ ID 249] Message Another six courses for hygienists and therapists courtesy of TePe Connect successfully sent to ymasirrom@hotmail.co.uk
[ ID 249] Message Another six courses for hygienists and therapists courtesy of TePe Connect successfully sent to loops.1@hotmail.co.uk
[ ID 249] Message Another six courses for hygienists and therapists courtesy of TePe Connect successfully sent to becky_dunham@hotmail.com
[ ID 249] Message Another six courses for hygienists and therapists courtesy of TePe Connect successfully sent to zlma0364@hotmail.com
[ ID 249] Message Another six courses for hygienists and therapists courtesy of TePe Connect successfully sent to sarahchyg1@btinternet.com
[ ID 249] Message Another six courses for hygienists and therapists courtesy of TePe Connect successfully sent to kimberley_vanmil@hotmail.com
[ ID 249] Message Another six courses for hygienists and therapists courtesy of TePe Connect successfully sent to jfiona16@yahoo.com
[ ID 249] Message Another six courses for hygienists and therapists courtesy of TePe Connect successfully sent to irenamika@hotmail.com
[ ID 249] Message Another six courses for hygienists and therapists courtesy of TePe Connect successfully sent to gmbljb@btinternet.com
[ ID 249] Message Another six courses for hygienists and therapists courtesy of TePe Connect successfully sent to jacqui908@btinternet.com
[ ID 249] Message Another six courses for hygienists and therapists courtesy of TePe Connect successfully sent to k0092781@tees.ac.uk
[ ID 249] Message Another six courses for hygienists and therapists courtesy of TePe Connect successfully sent to clarelpearson@yahoo.co.uk
[ ID 249] Message Another six courses for hygienists and therapists courtesy of TePe Connect successfully sent to aussietrippers@hotmail.com
[ ID 249] Message Another six courses for hygienists and therapists courtesy of TePe Connect successfully sent to Qi_hong@rocketmail.com
[ ID 249] Message Another six courses for hygienists and therapists courtesy of TePe Connect successfully sent to valiciaruparelia@gmail.com
[ ID 249] Message Another six courses for hygienists and therapists courtesy of TePe Connect successfully sent to gemmaeast95@yahoo.co.uk
[ ID 249] Message Another six courses for hygienists and therapists courtesy of TePe Connect successfully sent to r.e.stewart25@gmail.com
[ ID 249] Message Another six courses for hygienists and therapists courtesy of TePe Connect successfully sent to aida.abadian@gmail.com
[ ID 249] Message Another six courses for hygienists and therapists courtesy of TePe Connect successfully sent to daphnetsao@outlook.com
[ ID 249] Message Another six courses for hygienists and therapists courtesy of TePe Connect successfully sent to eleanor.schroeder@rmit.edu.au
[ ID 249] Message Another six courses for hygienists and therapists courtesy of TePe Connect successfully sent to ebony.hsu@otago.ac.nz
[ ID 249] Message Another six courses for hygienists and therapists courtesy of TePe Connect successfully sent to gery.z@outlook.com
[ ID 249] Message Another six courses for hygienists and therapists courtesy of TePe Connect successfully sent to zaynahafzal@googlemail.com
[ ID 249] Message Another six courses for hygienists and therapists courtesy of TePe Connect successfully sent to sarahrosepowell@hotmail.com
[ ID 249] Message Another six courses for hygienists and therapists courtesy of TePe Connect successfully sent to katharine.moulton@gmail.com
[ ID 249] Message Another six courses for hygienists and therapists courtesy of TePe Connect successfully sent to traceyac1978@gmail.com
[ ID 249] Message Another six courses for hygienists and therapists courtesy of TePe Connect successfully sent to jayne.roberts@hotmail.co.uk
[ ID 249] Message Another six courses for hygienists and therapists courtesy of TePe Connect successfully sent to sophieclarke13@hotmail.co.uk
[ ID 249] Message Another six courses for hygienists and therapists courtesy of TePe Connect successfully sent to priscilla_kumar@hotmail.com
[ ID 249] Message Another six courses for hygienists and therapists courtesy of TePe Connect successfully sent to shazy_don@yahoo.co.uk
[ ID 249] Message Another six courses for hygienists and therapists courtesy of TePe Connect successfully sent to traceyjohnson@btinternet.com
[ ID 249] Message Another six courses for hygienists and therapists courtesy of TePe Connect successfully sent to lauraamylittlejohn@gmail.com
[ ID 249] Message Another six courses for hygienists and therapists courtesy of TePe Connect successfully sent to yasmin_r@hotmail.co.uk
[ ID 249] Message Another six courses for hygienists and therapists courtesy of TePe Connect successfully sent to jdunham@hotmail.co.uk
[ ID 249] Message Another six courses for hygienists and therapists courtesy of TePe Connect successfully sent to mariemcelligott1@gmail.com
[ ID 249] Message Another six courses for hygienists and therapists courtesy of TePe Connect successfully sent to jsw12388@outlook.com
[ ID 249] Message Another six courses for hygienists and therapists courtesy of TePe Connect successfully sent to h_gurler@hotmail.co.uk
[ ID 249] Message Another six courses for hygienists and therapists courtesy of TePe Connect successfully sent to tabithacw@blueyonder.co.uk
[ ID 249] Message Another six courses for hygienists and therapists courtesy of TePe Connect successfully sent to annaward9@yahoo.co.uk
[ ID 249] Message Another six courses for hygienists and therapists courtesy of TePe Connect successfully sent to trujeena9@gmail.com
[ ID 249] Message Another six courses for hygienists and therapists courtesy of TePe Connect successfully sent to Brianandshirleylupton@btinternet.com
[ ID 249] Message Another six courses for hygienists and therapists courtesy of TePe Connect successfully sent to banks.lisa82@gmail.com
[ ID 249] Message Another six courses for hygienists and therapists courtesy of TePe Connect successfully sent to khushbumorar@hotmail.com
[ ID 249] Message Another six courses for hygienists and therapists courtesy of TePe Connect successfully sent to pham_diep@msn.com
[ ID 249] Message Another six courses for hygienists and therapists courtesy of TePe Connect successfully sent to smudgelisa@hotmail.co.uk
[ ID 249] Message Another six courses for hygienists and therapists courtesy of TePe Connect successfully sent to Angelacocker@aol.com
[ ID 249] Message Another six courses for hygienists and therapists courtesy of TePe Connect successfully sent to tasha-182@hotmail.co.uk
[ ID 249] Message Another six courses for hygienists and therapists courtesy of TePe Connect successfully sent to katie.evans@hotmail.com
[ ID 249] Message Another six courses for hygienists and therapists courtesy of TePe Connect successfully sent to mayaringshall@hotmail.com
[ ID 249] Message Another six courses for hygienists and therapists courtesy of TePe Connect successfully sent to veronicapletiak@y7mail.com
[ ID 249] Message Another six courses for hygienists and therapists courtesy of TePe Connect successfully sent to Rose-weight@hotmail.com
[ ID 249] Message Another six courses for hygienists and therapists courtesy of TePe Connect successfully sent to barker.hilary@gmail.com
[ ID 249] Message Another six courses for hygienists and therapists courtesy of TePe Connect successfully sent to ndfran83@googlemail.com
[ ID 249] Message Another six courses for hygienists and therapists courtesy of TePe Connect successfully sent to l.seg@hotmail.co.uk
[ ID 249] Message Another six courses for hygienists and therapists courtesy of TePe Connect successfully sent to joanne.stanier@sky.com
[ ID 249] Message Another six courses for hygienists and therapists courtesy of TePe Connect successfully sent to lucethompson@yahoo.co.uk
[ ID 249] Message Another six courses for hygienists and therapists courtesy of TePe Connect successfully sent to lawson170@btinternet.com
[ ID 249] Message Another six courses for hygienists and therapists courtesy of TePe Connect successfully sent to steph.leyland90@gmail.com
[ ID 249] Message Another six courses for hygienists and therapists courtesy of TePe Connect successfully sent to annette.pollock@gmail.com
[ ID 249] Message Another six courses for hygienists and therapists courtesy of TePe Connect successfully sent to Emmalcroft@hotmail.com
[ ID 249] Message Another six courses for hygienists and therapists courtesy of TePe Connect successfully sent to Deverick13@gmail.com
[ ID 249] Message Another six courses for hygienists and therapists courtesy of TePe Connect successfully sent to sue.studer07@icloud.com
[ ID 249] Message Another six courses for hygienists and therapists courtesy of TePe Connect successfully sent to gillian.marshall83@gmail.com
[ ID 249] Message Another six courses for hygienists and therapists courtesy of TePe Connect successfully sent to allyson.askew@btinternet.com
[ ID 249] Message Another six courses for hygienists and therapists courtesy of TePe Connect successfully sent to judy.ritson@sky.com
[ ID 249] Message Another six courses for hygienists and therapists courtesy of TePe Connect successfully sent to Jess-w-77@hotmail.com
[ ID 249] Message Another six courses for hygienists and therapists courtesy of TePe Connect successfully sent to emmascannell70@gmail.com
[ ID 249] Message Another six courses for hygienists and therapists courtesy of TePe Connect successfully sent to rosiek120@googlemail.com
[ ID 249] Message Another six courses for hygienists and therapists courtesy of TePe Connect successfully sent to evamilburn@yahoo.co.uk
[ ID 249] Message Another six courses for hygienists and therapists courtesy of TePe Connect successfully sent to armeltsague86@gmail.com
[ ID 249] Message Another six courses for hygienists and therapists courtesy of TePe Connect successfully sent to Jillannyoung@hotmail.com
[ ID 249] Message Another six courses for hygienists and therapists courtesy of TePe Connect successfully sent to lyndseythomas00@hotmail.com
[ ID 249] Message Another six courses for hygienists and therapists courtesy of TePe Connect successfully sent to Rosanna.c.lynch@gmail.com
[ ID 249] Message Another six courses for hygienists and therapists courtesy of TePe Connect successfully sent to johyg@hotmail.co.uk
[ ID 249] Message Another six courses for hygienists and therapists courtesy of TePe Connect successfully sent to nuvola.92@hotmail.it
[ ID 249] Message Another six courses for hygienists and therapists courtesy of TePe Connect successfully sent to alannah.birtwistle@hotmail.co.uk
[ ID 249] Message Another six courses for hygienists and therapists courtesy of TePe Connect successfully sent to Gayleespley68@gmail.com
[ ID 249] Message Another six courses for hygienists and therapists courtesy of TePe Connect successfully sent to lynda.eaton@hotmail.co.uk
[ ID 249] Message Another six courses for hygienists and therapists courtesy of TePe Connect successfully sent to ekopie507@gmail.com
[ ID 249] Message Another six courses for hygienists and therapists courtesy of TePe Connect successfully sent to bernadette6376@hotmail.com
[ ID 249] Message Another six courses for hygienists and therapists courtesy of TePe Connect successfully sent to johnsons251@btinternet.com

******************************************************************************************************************************************************
********************     22 August 2020 16:55     ********************
AcyMailing Triggered at 22 August 2020 16:55
100 messages processed : 100 successful, 0 failed
---- Details ----
[ ID 249] Message Another six courses for hygienists and therapists courtesy of TePe Connect successfully sent to claire@thinkitbig.co.uk
[ ID 249] Message Another six courses for hygienists and therapists courtesy of TePe Connect successfully sent to jenniferlallen@live.co.uk
[ ID 249] Message Another six courses for hygienists and therapists courtesy of TePe Connect successfully sent to K.poulter@gmx.com
[ ID 249] Message Another six courses for hygienists and therapists courtesy of TePe Connect successfully sent to pinza37@yahoo.co.uk
[ ID 249] Message Another six courses for hygienists and therapists courtesy of TePe Connect successfully sent to scottfifi@sky.com
[ ID 249] Message Another six courses for hygienists and therapists courtesy of TePe Connect successfully sent to marionhoulston@hotmail.co.uk
[ ID 249] Message Another six courses for hygienists and therapists courtesy of TePe Connect successfully sent to helen_camm@yahoo.co.uk
[ ID 249] Message Another six courses for hygienists and therapists courtesy of TePe Connect successfully sent to dianerochford@btinternet.com
[ ID 249] Message Another six courses for hygienists and therapists courtesy of TePe Connect successfully sent to suzi_t75@hotmail.com
[ ID 249] Message Another six courses for hygienists and therapists courtesy of TePe Connect successfully sent to tonidarwin64@btinternet.com
[ ID 249] Message Another six courses for hygienists and therapists courtesy of TePe Connect successfully sent to standing502@btinternet.com
[ ID 249] Message Another six courses for hygienists and therapists courtesy of TePe Connect successfully sent to lorrainew136613c@hotmail.co.uk
[ ID 249] Message Another six courses for hygienists and therapists courtesy of TePe Connect successfully sent to hilmatt@live.co.uk
[ ID 249] Message Another six courses for hygienists and therapists courtesy of TePe Connect successfully sent to emily.early@hotmail.co.uk
[ ID 249] Message Another six courses for hygienists and therapists courtesy of TePe Connect successfully sent to hmv81@hotmail.com
[ ID 249] Message Another six courses for hygienists and therapists courtesy of TePe Connect successfully sent to hayesmelanie22@gmail.com
[ ID 249] Message Another six courses for hygienists and therapists courtesy of TePe Connect successfully sent to lindapeckham@hotmail.com
[ ID 249] Message Another six courses for hygienists and therapists courtesy of TePe Connect successfully sent to jacqui_smile@hotmail.co.uk
[ ID 249] Message Another six courses for hygienists and therapists courtesy of TePe Connect successfully sent to jo.taylor06@yahoo.com
[ ID 249] Message Another six courses for hygienists and therapists courtesy of TePe Connect successfully sent to hazel.7@ntlworld.com
[ ID 249] Message Another six courses for hygienists and therapists courtesy of TePe Connect successfully sent to mcnultytracy@hotmail.com
[ ID 249] Message Another six courses for hygienists and therapists courtesy of TePe Connect successfully sent to catherinewarhurst@yahoo.com
[ ID 249] Message Another six courses for hygienists and therapists courtesy of TePe Connect successfully sent to lansdownefarm@tiscali.co.uk
[ ID 249] Message Another six courses for hygienists and therapists courtesy of TePe Connect successfully sent to toothie78@hotmail.co.uk
[ ID 249] Message Another six courses for hygienists and therapists courtesy of TePe Connect successfully sent to annbryce16@gmail.com
[ ID 249] Message Another six courses for hygienists and therapists courtesy of TePe Connect successfully sent to lisalight8650@hotmail.com
[ ID 249] Message Another six courses for hygienists and therapists courtesy of TePe Connect successfully sent to hepettit@gmail.com
[ ID 249] Message Another six courses for hygienists and therapists courtesy of TePe Connect successfully sent to katy.a@sky.com
[ ID 249] Message Another six courses for hygienists and therapists courtesy of TePe Connect successfully sent to shetalpatel1@hotmail.co.uk
[ ID 249] Message Another six courses for hygienists and therapists courtesy of TePe Connect successfully sent to amynibbs@hotmail.co.uk
[ ID 249] Message Another six courses for hygienists and therapists courtesy of TePe Connect successfully sent to heleneminnery@live.co.uk
[ ID 249] Message Another six courses for hygienists and therapists courtesy of TePe Connect successfully sent to michelleburrows78@outlook.com
[ ID 249] Message Another six courses for hygienists and therapists courtesy of TePe Connect successfully sent to emmasian1986@googlemail.com
[ ID 249] Message Another six courses for hygienists and therapists courtesy of TePe Connect successfully sent to laurasellars17@gmail.com
[ ID 249] Message Another six courses for hygienists and therapists courtesy of TePe Connect successfully sent to clareo24@hotmail.com
[ ID 249] Message Another six courses for hygienists and therapists courtesy of TePe Connect successfully sent to gillian.ford.ic@uhi.ac.uk
[ ID 249] Message Another six courses for hygienists and therapists courtesy of TePe Connect successfully sent to christie.98@hotmail.com
[ ID 249] Message Another six courses for hygienists and therapists courtesy of TePe Connect successfully sent to ninacthomas@icloud.com
[ ID 249] Message Another six courses for hygienists and therapists courtesy of TePe Connect successfully sent to gedickin@yahoo.co.uk
[ ID 249] Message Another six courses for hygienists and therapists courtesy of TePe Connect successfully sent to ellard.family@virginmedia.com
[ ID 249] Message Another six courses for hygienists and therapists courtesy of TePe Connect successfully sent to wilkinsonlori706@gmail.com
[ ID 249] Message Another six courses for hygienists and therapists courtesy of TePe Connect successfully sent to susanlotty@aol.com
[ ID 249] Message Another six courses for hygienists and therapists courtesy of TePe Connect successfully sent to niamh@gentle-dental.co.uk
[ ID 249] Message Another six courses for hygienists and therapists courtesy of TePe Connect successfully sent to aneekha_kaur@yahoo.co.uk
[ ID 249] Message Another six courses for hygienists and therapists courtesy of TePe Connect successfully sent to fifipeepee@gmail.com
[ ID 249] Message Another six courses for hygienists and therapists courtesy of TePe Connect successfully sent to lamknowles@gmail.com
[ ID 249] Message Another six courses for hygienists and therapists courtesy of TePe Connect successfully sent to sherdadhussain@gmail.com
[ ID 249] Message Another six courses for hygienists and therapists courtesy of TePe Connect successfully sent to raeinspirations@outlook.com
[ ID 249] Message Another six courses for hygienists and therapists courtesy of TePe Connect successfully sent to tracydoole1@gmail.com
[ ID 249] Message Another six courses for hygienists and therapists courtesy of TePe Connect successfully sent to jbrown971@outlook.com
[ ID 249] Message Another six courses for hygienists and therapists courtesy of TePe Connect successfully sent to Shashles_1960@hotmail.co.uk
[ ID 249] Message Another six courses for hygienists and therapists courtesy of TePe Connect successfully sent to saraburden@rocketmail.com
[ ID 249] Message Another six courses for hygienists and therapists courtesy of TePe Connect successfully sent to jibsy2000@btinternet.com
[ ID 249] Message Another six courses for hygienists and therapists courtesy of TePe Connect successfully sent to sandraleaney@btinternet.com
[ ID 249] Message Another six courses for hygienists and therapists courtesy of TePe Connect successfully sent to annspittle@hotmail.co.uk
[ ID 249] Message Another six courses for hygienists and therapists courtesy of TePe Connect successfully sent to stacey.corunna@health.wa.gov.au
[ ID 249] Message Another six courses for hygienists and therapists courtesy of TePe Connect successfully sent to matia_eye@yahoo.com
[ ID 249] Message Another six courses for hygienists and therapists courtesy of TePe Connect successfully sent to brandymosedale@gmail.com
[ ID 249] Message Another six courses for hygienists and therapists courtesy of TePe Connect successfully sent to luciana.visintin@hotmail.com
[ ID 249] Message Another six courses for hygienists and therapists courtesy of TePe Connect successfully sent to michellereid559@yahoo.com
[ ID 249] Message Another six courses for hygienists and therapists courtesy of TePe Connect successfully sent to suebilner@btinternet.com
[ ID 249] Message Another six courses for hygienists and therapists courtesy of TePe Connect successfully sent to vhowlings@hotmail.co.uk
[ ID 249] Message Another six courses for hygienists and therapists courtesy of TePe Connect successfully sent to dilen_d@hotmail.com
[ ID 249] Message Another six courses for hygienists and therapists courtesy of TePe Connect successfully sent to irwinsat19@aol.com
[ ID 249] Message Another six courses for hygienists and therapists courtesy of TePe Connect successfully sent to ed_darlenejones@hotmail.com
[ ID 249] Message Another six courses for hygienists and therapists courtesy of TePe Connect successfully sent to mccallum@aradale.plus.com
[ ID 249] Message Another six courses for hygienists and therapists courtesy of TePe Connect successfully sent to marimorris@mac.com
[ ID 249] Message Another six courses for hygienists and therapists courtesy of TePe Connect successfully sent to j.k.bird@hotmail.co.uk
[ ID 249] Message Another six courses for hygienists and therapists courtesy of TePe Connect successfully sent to klhawley25@gmail.com
[ ID 249] Message Another six courses for hygienists and therapists courtesy of TePe Connect successfully sent to Mouthcareforcancerpatients@gmail.com
[ ID 249] Message Another six courses for hygienists and therapists courtesy of TePe Connect successfully sent to susan.woff@gmail.com
[ ID 249] Message Another six courses for hygienists and therapists courtesy of TePe Connect successfully sent to pctsoi@hotmail.co.uk
[ ID 249] Message Another six courses for hygienists and therapists courtesy of TePe Connect successfully sent to deblereb@gmail.com
[ ID 249] Message Another six courses for hygienists and therapists courtesy of TePe Connect successfully sent to liz@thespeechgroup.co.uk
[ ID 249] Message Another six courses for hygienists and therapists courtesy of TePe Connect successfully sent to katherineredmond@hotmail.com
[ ID 249] Message Another six courses for hygienists and therapists courtesy of TePe Connect successfully sent to veronicalea613@gmail.com
[ ID 249] Message Another six courses for hygienists and therapists courtesy of TePe Connect successfully sent to pamelahorgan10@gmail.com
[ ID 249] Message Another six courses for hygienists and therapists courtesy of TePe Connect successfully sent to demelzabowden@hotmail.co.uk
[ ID 249] Message Another six courses for hygienists and therapists courtesy of TePe Connect successfully sent to angiespost@live.co.uk
[ ID 249] Message Another six courses for hygienists and therapists courtesy of TePe Connect successfully sent to loubylala@hotmail.co.uk
[ ID 249] Message Another six courses for hygienists and therapists courtesy of TePe Connect successfully sent to neil.horne@btinternet.com
[ ID 249] Message Another six courses for hygienists and therapists courtesy of TePe Connect successfully sent to rachael_cox80@hotmail.com
[ ID 249] Message Another six courses for hygienists and therapists courtesy of TePe Connect successfully sent to stacicumming1@gmail.com
[ ID 249] Message Another six courses for hygienists and therapists courtesy of TePe Connect successfully sent to noralove4all@hotmail.com
[ ID 249] Message Another six courses for hygienists and therapists courtesy of TePe Connect successfully sent to caitlinangelaburns@gmail.com
[ ID 249] Message Another six courses for hygienists and therapists courtesy of TePe Connect successfully sent to mcnamaracaral@gmail.com
[ ID 249] Message Another six courses for hygienists and therapists courtesy of TePe Connect successfully sent to hatty.buley@btinternet.com
[ ID 249] Message Another six courses for hygienists and therapists courtesy of TePe Connect successfully sent to sue@family-oneill.co.uk
[ ID 249] Message Another six courses for hygienists and therapists courtesy of TePe Connect successfully sent to aimeestafford87@gmail.com
[ ID 249] Message Another six courses for hygienists and therapists courtesy of TePe Connect successfully sent to alisonnaughton@gmail.com
[ ID 249] Message Another six courses for hygienists and therapists courtesy of TePe Connect successfully sent to pbenbow@gmail.com
[ ID 249] Message Another six courses for hygienists and therapists courtesy of TePe Connect successfully sent to laurajaneleonard@googlemail.com
[ ID 249] Message Another six courses for hygienists and therapists courtesy of TePe Connect successfully sent to zahidam09@gmail.com
[ ID 249] Message Another six courses for hygienists and therapists courtesy of TePe Connect successfully sent to melwoods266@gmail.com
[ ID 249] Message Another six courses for hygienists and therapists courtesy of TePe Connect successfully sent to karen.ormerod@locala.org.uk
[ ID 249] Message Another six courses for hygienists and therapists courtesy of TePe Connect successfully sent to sabah.ashraf@locala.org.uk
[ ID 249] Message Another six courses for hygienists and therapists courtesy of TePe Connect successfully sent to lucy.gee@locala.org.uk
[ ID 249] Message Another six courses for hygienists and therapists courtesy of TePe Connect successfully sent to amanda.tyman@locala.org.uk
[ ID 249] Message Another six courses for hygienists and therapists courtesy of TePe Connect successfully sent to laurenaimeepitts@gmail.com
[ ID 249] Message Another six courses for hygienists and therapists courtesy of TePe Connect successfully sent to lilybs@live.co.uk

******************************************************************************************************************************************************
********************     23 August 2020 16:10     ********************
AcyMailing Triggered at 23 August 2020 16:10
0 messages processed : 0 successful, 0 failed
There are 3 messages in your mailbox
---- Details ----
There are 3 messages in your mailbox
<b>Subject : I am making someone smile..... Re: Another six courses for hygienists and therapists courtesy of TePe Connect</b>
Rules [ID 14] Final Rule :  | forwarded to admin@dental-channel.co.uk | message deleted
<b>Subject : Mail delivery failed: returning message to sender</b>
Rules [ID 8] Message blocked by recipient filters :  | forwarded to admin@dental-channel.co.uk | message deleted
<b>Subject : Mail delivery failed: returning message to sender</b>
Rules [ID 8] Message blocked by recipient filters :  | forwarded to admin@dental-channel.co.uk | message deleted

******************************************************************************************************************************************************
********************     31 August 2020 07:20     ********************
AcyMailing Triggered at 31 August 2020 07:20
0 messages processed : 0 successful, 0 failed
1 Newsletters scheduled
---- Details ----
299 emails have been added to the queue for the Scheduled Newsletter [ID 250] <b><i>Last chance for TePe Connect members to enrol in six more courses at no cost this August</i></b>

******************************************************************************************************************************************************
********************     31 August 2020 07:40     ********************
AcyMailing Triggered at 31 August 2020 07:40
100 messages processed : 100 successful, 0 failed
---- Details ----
[ ID 250] Message Last chance for TePe Connect members to enrol in six more courses at no cost this August successfully sent to agouldtdc@gmail.com
[ ID 250] Message Last chance for TePe Connect members to enrol in six more courses at no cost this August successfully sent to renata.lainchbury@gmail.com
[ ID 250] Message Last chance for TePe Connect members to enrol in six more courses at no cost this August successfully sent to nnedelec@yahoo.co.uk
[ ID 250] Message Last chance for TePe Connect members to enrol in six more courses at no cost this August successfully sent to jjdroney@yahoo.com
[ ID 250] Message Last chance for TePe Connect members to enrol in six more courses at no cost this August successfully sent to elizabeth.gee@btinternet.com
[ ID 250] Message Last chance for TePe Connect members to enrol in six more courses at no cost this August successfully sent to Waldrocg@tcd.ie
[ ID 250] Message Last chance for TePe Connect members to enrol in six more courses at no cost this August successfully sent to oioitoon@aol.com
[ ID 250] Message Last chance for TePe Connect members to enrol in six more courses at no cost this August successfully sent to mike.g.wheeler@talk21.com
[ ID 250] Message Last chance for TePe Connect members to enrol in six more courses at no cost this August successfully sent to Scottishtlo@bsdht.org.uk
[ ID 250] Message Last chance for TePe Connect members to enrol in six more courses at no cost this August successfully sent to hygmasters@hotmail.com
[ ID 250] Message Last chance for TePe Connect members to enrol in six more courses at no cost this August successfully sent to pamelajack150@aol.com
[ ID 250] Message Last chance for TePe Connect members to enrol in six more courses at no cost this August successfully sent to lina.kanters@tepe.com
[ ID 250] Message Last chance for TePe Connect members to enrol in six more courses at no cost this August successfully sent to lauraj1705@gmail.com
[ ID 250] Message Last chance for TePe Connect members to enrol in six more courses at no cost this August successfully sent to JCOYLE201@caledonian.ac.uk
[ ID 250] Message Last chance for TePe Connect members to enrol in six more courses at no cost this August successfully sent to rachel.munson1970@btinternet.com
[ ID 250] Message Last chance for TePe Connect members to enrol in six more courses at no cost this August successfully sent to s_beebs@hotmail.com
[ ID 250] Message Last chance for TePe Connect members to enrol in six more courses at no cost this August successfully sent to tsplummer13@yahoo.com
[ ID 250] Message Last chance for TePe Connect members to enrol in six more courses at no cost this August successfully sent to misskrissyb@hotmail.com
[ ID 250] Message Last chance for TePe Connect members to enrol in six more courses at no cost this August successfully sent to isobelminogue@yahoo.co.uk
[ ID 250] Message Last chance for TePe Connect members to enrol in six more courses at no cost this August successfully sent to jamiemalisa@live.co.uk
[ ID 250] Message Last chance for TePe Connect members to enrol in six more courses at no cost this August successfully sent to abarron1992@hotmail.co.uk
[ ID 250] Message Last chance for TePe Connect members to enrol in six more courses at no cost this August successfully sent to alisonhaeney@icloud.com
[ ID 250] Message Last chance for TePe Connect members to enrol in six more courses at no cost this August successfully sent to catherinehfe@live.co.uk
[ ID 250] Message Last chance for TePe Connect members to enrol in six more courses at no cost this August successfully sent to crossmoorlodge@hotmail.co.uk
[ ID 250] Message Last chance for TePe Connect members to enrol in six more courses at no cost this August successfully sent to dj.jackson@sky.com
[ ID 250] Message Last chance for TePe Connect members to enrol in six more courses at no cost this August successfully sent to bobbo_p@hotmail.com
[ ID 250] Message Last chance for TePe Connect members to enrol in six more courses at no cost this August successfully sent to gilliankilrush@hotmail.com
[ ID 250] Message Last chance for TePe Connect members to enrol in six more courses at no cost this August successfully sent to kerrykerry10@hotmail.co.uk
[ ID 250] Message Last chance for TePe Connect members to enrol in six more courses at no cost this August successfully sent to miska820@yahoo.com
[ ID 250] Message Last chance for TePe Connect members to enrol in six more courses at no cost this August successfully sent to sandrathompson6@hotmail.com
[ ID 250] Message Last chance for TePe Connect members to enrol in six more courses at no cost this August successfully sent to yazpeachey@aol.com
[ ID 250] Message Last chance for TePe Connect members to enrol in six more courses at no cost this August successfully sent to caroline@bucerzan.com
[ ID 250] Message Last chance for TePe Connect members to enrol in six more courses at no cost this August successfully sent to zitawhite@hotmail.com
[ ID 250] Message Last chance for TePe Connect members to enrol in six more courses at no cost this August successfully sent to tracydoole@hotmail.co.uk
[ ID 250] Message Last chance for TePe Connect members to enrol in six more courses at no cost this August successfully sent to amanda.sheehan@tepe.com
[ ID 250] Message Last chance for TePe Connect members to enrol in six more courses at no cost this August successfully sent to ruthdavidson30@gmail.com
[ ID 250] Message Last chance for TePe Connect members to enrol in six more courses at no cost this August successfully sent to griffiths.judy@gmail.com
[ ID 250] Message Last chance for TePe Connect members to enrol in six more courses at no cost this August successfully sent to jennynicoll6@gmail.com
[ ID 250] Message Last chance for TePe Connect members to enrol in six more courses at no cost this August successfully sent to jcforth52@gmail.com
[ ID 250] Message Last chance for TePe Connect members to enrol in six more courses at no cost this August successfully sent to dindy_mccallum@sky.com
[ ID 250] Message Last chance for TePe Connect members to enrol in six more courses at no cost this August successfully sent to lisaantonia.66@gmail.com
[ ID 250] Message Last chance for TePe Connect members to enrol in six more courses at no cost this August successfully sent to shelleyhigsonsmith@hotmail.com
[ ID 250] Message Last chance for TePe Connect members to enrol in six more courses at no cost this August successfully sent to helen_parsons@icloud.com
[ ID 250] Message Last chance for TePe Connect members to enrol in six more courses at no cost this August successfully sent to nic101101@hotmail.com
[ ID 250] Message Last chance for TePe Connect members to enrol in six more courses at no cost this August successfully sent to Kim.clapham@yahoo.co.uk
[ ID 250] Message Last chance for TePe Connect members to enrol in six more courses at no cost this August successfully sent to sam-burton@hotmail.co.uk
[ ID 250] Message Last chance for TePe Connect members to enrol in six more courses at no cost this August successfully sent to Lotte.hinchcliffe@googlemail.com
[ ID 250] Message Last chance for TePe Connect members to enrol in six more courses at no cost this August successfully sent to emmaryan101@hotmail.com
[ ID 250] Message Last chance for TePe Connect members to enrol in six more courses at no cost this August successfully sent to Gillhemmings@hotmail.co.uk
[ ID 250] Message Last chance for TePe Connect members to enrol in six more courses at no cost this August successfully sent to kaz_skelly@hotmail.com
[ ID 250] Message Last chance for TePe Connect members to enrol in six more courses at no cost this August successfully sent to eva.traum@bupadentalcare.co.uk
[ ID 250] Message Last chance for TePe Connect members to enrol in six more courses at no cost this August successfully sent to emablack@live.co.uk
[ ID 250] Message Last chance for TePe Connect members to enrol in six more courses at no cost this August successfully sent to claire.maasz@gmail.com
[ ID 250] Message Last chance for TePe Connect members to enrol in six more courses at no cost this August successfully sent to rachael@ee-mail.me
[ ID 250] Message Last chance for TePe Connect members to enrol in six more courses at no cost this August successfully sent to jo.barber01@gmail.com
[ ID 250] Message Last chance for TePe Connect members to enrol in six more courses at no cost this August successfully sent to hilary.kembery@btinternet.com
[ ID 250] Message Last chance for TePe Connect members to enrol in six more courses at no cost this August successfully sent to hygienegirl2000@yahoo.co.uk
[ ID 250] Message Last chance for TePe Connect members to enrol in six more courses at no cost this August successfully sent to a.turner2@leeds.ac.uk
[ ID 250] Message Last chance for TePe Connect members to enrol in six more courses at no cost this August successfully sent to staceylslater@yahoo.co.uk
[ ID 250] Message Last chance for TePe Connect members to enrol in six more courses at no cost this August successfully sent to debbieaking80@gmail.com
[ ID 250] Message Last chance for TePe Connect members to enrol in six more courses at no cost this August successfully sent to lesleyabramwell@hotmail.com
[ ID 250] Message Last chance for TePe Connect members to enrol in six more courses at no cost this August successfully sent to janey_bee@yahoo.com
[ ID 250] Message Last chance for TePe Connect members to enrol in six more courses at no cost this August successfully sent to Katiegovier@hotmail.com
[ ID 250] Message Last chance for TePe Connect members to enrol in six more courses at no cost this August successfully sent to mabelsmum@googlemail.com
[ ID 250] Message Last chance for TePe Connect members to enrol in six more courses at no cost this August successfully sent to pelagiakap@gmail.com
[ ID 250] Message Last chance for TePe Connect members to enrol in six more courses at no cost this August successfully sent to lynnepin@hotmail.com
[ ID 250] Message Last chance for TePe Connect members to enrol in six more courses at no cost this August successfully sent to lornamilligan@hotmail.com
[ ID 250] Message Last chance for TePe Connect members to enrol in six more courses at no cost this August successfully sent to niloofarrasooli89@hotmail.co.uk
[ ID 250] Message Last chance for TePe Connect members to enrol in six more courses at no cost this August successfully sent to liz_gabbott@hotmail.com
[ ID 250] Message Last chance for TePe Connect members to enrol in six more courses at no cost this August successfully sent to melissamccarthy90@hotmail.com
[ ID 250] Message Last chance for TePe Connect members to enrol in six more courses at no cost this August successfully sent to katiemurtagh1@eircom.net
[ ID 250] Message Last chance for TePe Connect members to enrol in six more courses at no cost this August successfully sent to vdiana57@yahoo.co.uk
[ ID 250] Message Last chance for TePe Connect members to enrol in six more courses at no cost this August successfully sent to acdental88@gmail.com
[ ID 250] Message Last chance for TePe Connect members to enrol in six more courses at no cost this August successfully sent to joboulby@hotmail.co.uk
[ ID 250] Message Last chance for TePe Connect members to enrol in six more courses at no cost this August successfully sent to christinesupiot@gmail.com
[ ID 250] Message Last chance for TePe Connect members to enrol in six more courses at no cost this August successfully sent to highlanddental@btinternet.com
[ ID 250] Message Last chance for TePe Connect members to enrol in six more courses at no cost this August successfully sent to mehrzad.dianat@yahoo.co.uk
[ ID 250] Message Last chance for TePe Connect members to enrol in six more courses at no cost this August successfully sent to lorrainepaul123@msn.com
[ ID 250] Message Last chance for TePe Connect members to enrol in six more courses at no cost this August successfully sent to kirstyn.herriott@outlook.com
[ ID 250] Message Last chance for TePe Connect members to enrol in six more courses at no cost this August successfully sent to nita.hennessy@hotmail.co.uk
[ ID 250] Message Last chance for TePe Connect members to enrol in six more courses at no cost this August successfully sent to anammono@gmail.com
[ ID 250] Message Last chance for TePe Connect members to enrol in six more courses at no cost this August successfully sent to isobel.hurst@live.co.uk
[ ID 250] Message Last chance for TePe Connect members to enrol in six more courses at no cost this August successfully sent to elh20@hotmail.com
[ ID 250] Message Last chance for TePe Connect members to enrol in six more courses at no cost this August successfully sent to joymonk@freeuk.com
[ ID 250] Message Last chance for TePe Connect members to enrol in six more courses at no cost this August successfully sent to jane_jackson@talk21.com
[ ID 250] Message Last chance for TePe Connect members to enrol in six more courses at no cost this August successfully sent to k.j.harris@sky.com
[ ID 250] Message Last chance for TePe Connect members to enrol in six more courses at no cost this August successfully sent to hapreston@hotmail.com
[ ID 250] Message Last chance for TePe Connect members to enrol in six more courses at no cost this August successfully sent to Fiona.flyingsmiles@gmail.com
[ ID 250] Message Last chance for TePe Connect members to enrol in six more courses at no cost this August successfully sent to rosiemariefaith@hotmail.co.uk
[ ID 250] Message Last chance for TePe Connect members to enrol in six more courses at no cost this August successfully sent to ca.dentaltherapy@gmail.com
[ ID 250] Message Last chance for TePe Connect members to enrol in six more courses at no cost this August successfully sent to melanieflinders99@gmail.com
[ ID 250] Message Last chance for TePe Connect members to enrol in six more courses at no cost this August successfully sent to karenward72@googlemail.com
[ ID 250] Message Last chance for TePe Connect members to enrol in six more courses at no cost this August successfully sent to meghan_lamb@sky.com
[ ID 250] Message Last chance for TePe Connect members to enrol in six more courses at no cost this August successfully sent to hayli.hamer@gmail.com
[ ID 250] Message Last chance for TePe Connect members to enrol in six more courses at no cost this August successfully sent to m4nnb@yahoo.com
[ ID 250] Message Last chance for TePe Connect members to enrol in six more courses at no cost this August successfully sent to beth.cockayne@sky.com
[ ID 250] Message Last chance for TePe Connect members to enrol in six more courses at no cost this August successfully sent to lizhartigan@hotmail.co.uk
[ ID 250] Message Last chance for TePe Connect members to enrol in six more courses at no cost this August successfully sent to joyok2002@yahoo.com
[ ID 250] Message Last chance for TePe Connect members to enrol in six more courses at no cost this August successfully sent to maryepennington@icloud.com
[ ID 250] Message Last chance for TePe Connect members to enrol in six more courses at no cost this August successfully sent to grnmbeckett@blueyonder.co.uk

******************************************************************************************************************************************************
********************     31 August 2020 07:45     ********************
AcyMailing Triggered at 31 August 2020 07:45
100 messages processed : 100 successful, 0 failed
---- Details ----
[ ID 250] Message Last chance for TePe Connect members to enrol in six more courses at no cost this August successfully sent to natasha_joshi@hotmail.com
[ ID 250] Message Last chance for TePe Connect members to enrol in six more courses at no cost this August successfully sent to lois@chewtertowers.com
[ ID 250] Message Last chance for TePe Connect members to enrol in six more courses at no cost this August successfully sent to gilliancogdell@hotmail.co.uk
[ ID 250] Message Last chance for TePe Connect members to enrol in six more courses at no cost this August successfully sent to georginavero@hotmail.co.uk
[ ID 250] Message Last chance for TePe Connect members to enrol in six more courses at no cost this August successfully sent to expatcanuk@gmail.com
[ ID 250] Message Last chance for TePe Connect members to enrol in six more courses at no cost this August successfully sent to kactus.jeff@gmail.com
[ ID 250] Message Last chance for TePe Connect members to enrol in six more courses at no cost this August successfully sent to jim.kathryn@btopenworld.com
[ ID 250] Message Last chance for TePe Connect members to enrol in six more courses at no cost this August successfully sent to wm.hygienist@yahoo.co.uk
[ ID 250] Message Last chance for TePe Connect members to enrol in six more courses at no cost this August successfully sent to sarah.whitwell@hotmail.com
[ ID 250] Message Last chance for TePe Connect members to enrol in six more courses at no cost this August successfully sent to thebrooksies1@btinternet.com
[ ID 250] Message Last chance for TePe Connect members to enrol in six more courses at no cost this August successfully sent to maryrbalmer@me.com
[ ID 250] Message Last chance for TePe Connect members to enrol in six more courses at no cost this August successfully sent to kjlawrence@gmx.co.uk
[ ID 250] Message Last chance for TePe Connect members to enrol in six more courses at no cost this August successfully sent to rebeccajking@gmail.com
[ ID 250] Message Last chance for TePe Connect members to enrol in six more courses at no cost this August successfully sent to lizlowsby83@hotmail.co.uk
[ ID 250] Message Last chance for TePe Connect members to enrol in six more courses at no cost this August successfully sent to janegolightly@hotmail.co.uk
[ ID 250] Message Last chance for TePe Connect members to enrol in six more courses at no cost this August successfully sent to jacquiepinto52@gmail.com
[ ID 250] Message Last chance for TePe Connect members to enrol in six more courses at no cost this August successfully sent to robinlye.ph@gmail.com
[ ID 250] Message Last chance for TePe Connect members to enrol in six more courses at no cost this August successfully sent to s.riordan@leeds.ac.uk
[ ID 250] Message Last chance for TePe Connect members to enrol in six more courses at no cost this August successfully sent to aileenrobbie@hotmail.co.uk
[ ID 250] Message Last chance for TePe Connect members to enrol in six more courses at no cost this August successfully sent to ymasirrom@hotmail.co.uk
[ ID 250] Message Last chance for TePe Connect members to enrol in six more courses at no cost this August successfully sent to loops.1@hotmail.co.uk
[ ID 250] Message Last chance for TePe Connect members to enrol in six more courses at no cost this August successfully sent to becky_dunham@hotmail.com
[ ID 250] Message Last chance for TePe Connect members to enrol in six more courses at no cost this August successfully sent to zlma0364@hotmail.com
[ ID 250] Message Last chance for TePe Connect members to enrol in six more courses at no cost this August successfully sent to sarahchyg1@btinternet.com
[ ID 250] Message Last chance for TePe Connect members to enrol in six more courses at no cost this August successfully sent to kimberley_vanmil@hotmail.com
[ ID 250] Message Last chance for TePe Connect members to enrol in six more courses at no cost this August successfully sent to jfiona16@yahoo.com
[ ID 250] Message Last chance for TePe Connect members to enrol in six more courses at no cost this August successfully sent to irenamika@hotmail.com
[ ID 250] Message Last chance for TePe Connect members to enrol in six more courses at no cost this August successfully sent to gmbljb@btinternet.com
[ ID 250] Message Last chance for TePe Connect members to enrol in six more courses at no cost this August successfully sent to jacqui908@btinternet.com
[ ID 250] Message Last chance for TePe Connect members to enrol in six more courses at no cost this August successfully sent to k0092781@tees.ac.uk
[ ID 250] Message Last chance for TePe Connect members to enrol in six more courses at no cost this August successfully sent to clarelpearson@yahoo.co.uk
[ ID 250] Message Last chance for TePe Connect members to enrol in six more courses at no cost this August successfully sent to aussietrippers@hotmail.com
[ ID 250] Message Last chance for TePe Connect members to enrol in six more courses at no cost this August successfully sent to Qi_hong@rocketmail.com
[ ID 250] Message Last chance for TePe Connect members to enrol in six more courses at no cost this August successfully sent to valiciaruparelia@gmail.com
[ ID 250] Message Last chance for TePe Connect members to enrol in six more courses at no cost this August successfully sent to gemmaeast95@yahoo.co.uk
[ ID 250] Message Last chance for TePe Connect members to enrol in six more courses at no cost this August successfully sent to r.e.stewart25@gmail.com
[ ID 250] Message Last chance for TePe Connect members to enrol in six more courses at no cost this August successfully sent to aida.abadian@gmail.com
[ ID 250] Message Last chance for TePe Connect members to enrol in six more courses at no cost this August successfully sent to daphnetsao@outlook.com
[ ID 250] Message Last chance for TePe Connect members to enrol in six more courses at no cost this August successfully sent to eleanor.schroeder@rmit.edu.au
[ ID 250] Message Last chance for TePe Connect members to enrol in six more courses at no cost this August successfully sent to ebony.hsu@otago.ac.nz
[ ID 250] Message Last chance for TePe Connect members to enrol in six more courses at no cost this August successfully sent to gery.z@outlook.com
[ ID 250] Message Last chance for TePe Connect members to enrol in six more courses at no cost this August successfully sent to zaynahafzal@googlemail.com
[ ID 250] Message Last chance for TePe Connect members to enrol in six more courses at no cost this August successfully sent to sarahrosepowell@hotmail.com
[ ID 250] Message Last chance for TePe Connect members to enrol in six more courses at no cost this August successfully sent to katharine.moulton@gmail.com
[ ID 250] Message Last chance for TePe Connect members to enrol in six more courses at no cost this August successfully sent to traceyac1978@gmail.com
[ ID 250] Message Last chance for TePe Connect members to enrol in six more courses at no cost this August successfully sent to jayne.roberts@hotmail.co.uk
[ ID 250] Message Last chance for TePe Connect members to enrol in six more courses at no cost this August successfully sent to sophieclarke13@hotmail.co.uk
[ ID 250] Message Last chance for TePe Connect members to enrol in six more courses at no cost this August successfully sent to priscilla_kumar@hotmail.com
[ ID 250] Message Last chance for TePe Connect members to enrol in six more courses at no cost this August successfully sent to shazy_don@yahoo.co.uk
[ ID 250] Message Last chance for TePe Connect members to enrol in six more courses at no cost this August successfully sent to traceyjohnson@btinternet.com
[ ID 250] Message Last chance for TePe Connect members to enrol in six more courses at no cost this August successfully sent to lauraamylittlejohn@gmail.com
[ ID 250] Message Last chance for TePe Connect members to enrol in six more courses at no cost this August successfully sent to yasmin_r@hotmail.co.uk
[ ID 250] Message Last chance for TePe Connect members to enrol in six more courses at no cost this August successfully sent to jdunham@hotmail.co.uk
[ ID 250] Message Last chance for TePe Connect members to enrol in six more courses at no cost this August successfully sent to mariemcelligott1@gmail.com
[ ID 250] Message Last chance for TePe Connect members to enrol in six more courses at no cost this August successfully sent to jsw12388@outlook.com
[ ID 250] Message Last chance for TePe Connect members to enrol in six more courses at no cost this August successfully sent to h_gurler@hotmail.co.uk
[ ID 250] Message Last chance for TePe Connect members to enrol in six more courses at no cost this August successfully sent to tabithacw@blueyonder.co.uk
[ ID 250] Message Last chance for TePe Connect members to enrol in six more courses at no cost this August successfully sent to annaward9@yahoo.co.uk
[ ID 250] Message Last chance for TePe Connect members to enrol in six more courses at no cost this August successfully sent to trujeena9@gmail.com
[ ID 250] Message Last chance for TePe Connect members to enrol in six more courses at no cost this August successfully sent to Brianandshirleylupton@btinternet.com
[ ID 250] Message Last chance for TePe Connect members to enrol in six more courses at no cost this August successfully sent to banks.lisa82@gmail.com
[ ID 250] Message Last chance for TePe Connect members to enrol in six more courses at no cost this August successfully sent to khushbumorar@hotmail.com
[ ID 250] Message Last chance for TePe Connect members to enrol in six more courses at no cost this August successfully sent to pham_diep@msn.com
[ ID 250] Message Last chance for TePe Connect members to enrol in six more courses at no cost this August successfully sent to smudgelisa@hotmail.co.uk
[ ID 250] Message Last chance for TePe Connect members to enrol in six more courses at no cost this August successfully sent to Angelacocker@aol.com
[ ID 250] Message Last chance for TePe Connect members to enrol in six more courses at no cost this August successfully sent to tasha-182@hotmail.co.uk
[ ID 250] Message Last chance for TePe Connect members to enrol in six more courses at no cost this August successfully sent to katie.evans@hotmail.com
[ ID 250] Message Last chance for TePe Connect members to enrol in six more courses at no cost this August successfully sent to mayaringshall@hotmail.com
[ ID 250] Message Last chance for TePe Connect members to enrol in six more courses at no cost this August successfully sent to veronicapletiak@y7mail.com
[ ID 250] Message Last chance for TePe Connect members to enrol in six more courses at no cost this August successfully sent to Rose-weight@hotmail.com
[ ID 250] Message Last chance for TePe Connect members to enrol in six more courses at no cost this August successfully sent to barker.hilary@gmail.com
[ ID 250] Message Last chance for TePe Connect members to enrol in six more courses at no cost this August successfully sent to ndfran83@googlemail.com
[ ID 250] Message Last chance for TePe Connect members to enrol in six more courses at no cost this August successfully sent to l.seg@hotmail.co.uk
[ ID 250] Message Last chance for TePe Connect members to enrol in six more courses at no cost this August successfully sent to joanne.stanier@sky.com
[ ID 250] Message Last chance for TePe Connect members to enrol in six more courses at no cost this August successfully sent to lucethompson@yahoo.co.uk
[ ID 250] Message Last chance for TePe Connect members to enrol in six more courses at no cost this August successfully sent to lawson170@btinternet.com
[ ID 250] Message Last chance for TePe Connect members to enrol in six more courses at no cost this August successfully sent to steph.leyland90@gmail.com
[ ID 250] Message Last chance for TePe Connect members to enrol in six more courses at no cost this August successfully sent to annette.pollock@gmail.com
[ ID 250] Message Last chance for TePe Connect members to enrol in six more courses at no cost this August successfully sent to Emmalcroft@hotmail.com
[ ID 250] Message Last chance for TePe Connect members to enrol in six more courses at no cost this August successfully sent to Deverick13@gmail.com
[ ID 250] Message Last chance for TePe Connect members to enrol in six more courses at no cost this August successfully sent to sue.studer07@icloud.com
[ ID 250] Message Last chance for TePe Connect members to enrol in six more courses at no cost this August successfully sent to gillian.marshall83@gmail.com
[ ID 250] Message Last chance for TePe Connect members to enrol in six more courses at no cost this August successfully sent to allyson.askew@btinternet.com
[ ID 250] Message Last chance for TePe Connect members to enrol in six more courses at no cost this August successfully sent to judy.ritson@sky.com
[ ID 250] Message Last chance for TePe Connect members to enrol in six more courses at no cost this August successfully sent to Jess-w-77@hotmail.com
[ ID 250] Message Last chance for TePe Connect members to enrol in six more courses at no cost this August successfully sent to emmascannell70@gmail.com
[ ID 250] Message Last chance for TePe Connect members to enrol in six more courses at no cost this August successfully sent to rosiek120@googlemail.com
[ ID 250] Message Last chance for TePe Connect members to enrol in six more courses at no cost this August successfully sent to evamilburn@yahoo.co.uk
[ ID 250] Message Last chance for TePe Connect members to enrol in six more courses at no cost this August successfully sent to armeltsague86@gmail.com
[ ID 250] Message Last chance for TePe Connect members to enrol in six more courses at no cost this August successfully sent to Jillannyoung@hotmail.com
[ ID 250] Message Last chance for TePe Connect members to enrol in six more courses at no cost this August successfully sent to lyndseythomas00@hotmail.com
[ ID 250] Message Last chance for TePe Connect members to enrol in six more courses at no cost this August successfully sent to Rosanna.c.lynch@gmail.com
[ ID 250] Message Last chance for TePe Connect members to enrol in six more courses at no cost this August successfully sent to johyg@hotmail.co.uk
[ ID 250] Message Last chance for TePe Connect members to enrol in six more courses at no cost this August successfully sent to nuvola.92@hotmail.it
[ ID 250] Message Last chance for TePe Connect members to enrol in six more courses at no cost this August successfully sent to alannah.birtwistle@hotmail.co.uk
[ ID 250] Message Last chance for TePe Connect members to enrol in six more courses at no cost this August successfully sent to Gayleespley68@gmail.com
[ ID 250] Message Last chance for TePe Connect members to enrol in six more courses at no cost this August successfully sent to lynda.eaton@hotmail.co.uk
[ ID 250] Message Last chance for TePe Connect members to enrol in six more courses at no cost this August successfully sent to ekopie507@gmail.com
[ ID 250] Message Last chance for TePe Connect members to enrol in six more courses at no cost this August successfully sent to bernadette6376@hotmail.com
[ ID 250] Message Last chance for TePe Connect members to enrol in six more courses at no cost this August successfully sent to johnsons251@btinternet.com

******************************************************************************************************************************************************
********************     31 August 2020 07:50     ********************
AcyMailing Triggered at 31 August 2020 07:50
99 messages processed : 99 successful, 0 failed
---- Details ----
[ ID 250] Message Last chance for TePe Connect members to enrol in six more courses at no cost this August successfully sent to claire@thinkitbig.co.uk
[ ID 250] Message Last chance for TePe Connect members to enrol in six more courses at no cost this August successfully sent to jenniferlallen@live.co.uk
[ ID 250] Message Last chance for TePe Connect members to enrol in six more courses at no cost this August successfully sent to K.poulter@gmx.com
[ ID 250] Message Last chance for TePe Connect members to enrol in six more courses at no cost this August successfully sent to pinza37@yahoo.co.uk
[ ID 250] Message Last chance for TePe Connect members to enrol in six more courses at no cost this August successfully sent to scottfifi@sky.com
[ ID 250] Message Last chance for TePe Connect members to enrol in six more courses at no cost this August successfully sent to marionhoulston@hotmail.co.uk
[ ID 250] Message Last chance for TePe Connect members to enrol in six more courses at no cost this August successfully sent to helen_camm@yahoo.co.uk
[ ID 250] Message Last chance for TePe Connect members to enrol in six more courses at no cost this August successfully sent to dianerochford@btinternet.com
[ ID 250] Message Last chance for TePe Connect members to enrol in six more courses at no cost this August successfully sent to suzi_t75@hotmail.com
[ ID 250] Message Last chance for TePe Connect members to enrol in six more courses at no cost this August successfully sent to tonidarwin64@btinternet.com
[ ID 250] Message Last chance for TePe Connect members to enrol in six more courses at no cost this August successfully sent to standing502@btinternet.com
[ ID 250] Message Last chance for TePe Connect members to enrol in six more courses at no cost this August successfully sent to lorrainew136613c@hotmail.co.uk
[ ID 250] Message Last chance for TePe Connect members to enrol in six more courses at no cost this August successfully sent to hilmatt@live.co.uk
[ ID 250] Message Last chance for TePe Connect members to enrol in six more courses at no cost this August successfully sent to emily.early@hotmail.co.uk
[ ID 250] Message Last chance for TePe Connect members to enrol in six more courses at no cost this August successfully sent to hmv81@hotmail.com
[ ID 250] Message Last chance for TePe Connect members to enrol in six more courses at no cost this August successfully sent to hayesmelanie22@gmail.com
[ ID 250] Message Last chance for TePe Connect members to enrol in six more courses at no cost this August successfully sent to lindapeckham@hotmail.com
[ ID 250] Message Last chance for TePe Connect members to enrol in six more courses at no cost this August successfully sent to jacqui_smile@hotmail.co.uk
[ ID 250] Message Last chance for TePe Connect members to enrol in six more courses at no cost this August successfully sent to jo.taylor06@yahoo.com
[ ID 250] Message Last chance for TePe Connect members to enrol in six more courses at no cost this August successfully sent to hazel.7@ntlworld.com
[ ID 250] Message Last chance for TePe Connect members to enrol in six more courses at no cost this August successfully sent to mcnultytracy@hotmail.com
[ ID 250] Message Last chance for TePe Connect members to enrol in six more courses at no cost this August successfully sent to catherinewarhurst@yahoo.com
[ ID 250] Message Last chance for TePe Connect members to enrol in six more courses at no cost this August successfully sent to lansdownefarm@tiscali.co.uk
[ ID 250] Message Last chance for TePe Connect members to enrol in six more courses at no cost this August successfully sent to toothie78@hotmail.co.uk
[ ID 250] Message Last chance for TePe Connect members to enrol in six more courses at no cost this August successfully sent to annbryce16@gmail.com
[ ID 250] Message Last chance for TePe Connect members to enrol in six more courses at no cost this August successfully sent to lisalight8650@hotmail.com
[ ID 250] Message Last chance for TePe Connect members to enrol in six more courses at no cost this August successfully sent to hepettit@gmail.com
[ ID 250] Message Last chance for TePe Connect members to enrol in six more courses at no cost this August successfully sent to katy.a@sky.com
[ ID 250] Message Last chance for TePe Connect members to enrol in six more courses at no cost this August successfully sent to shetalpatel1@hotmail.co.uk
[ ID 250] Message Last chance for TePe Connect members to enrol in six more courses at no cost this August successfully sent to amynibbs@hotmail.co.uk
[ ID 250] Message Last chance for TePe Connect members to enrol in six more courses at no cost this August successfully sent to heleneminnery@live.co.uk
[ ID 250] Message Last chance for TePe Connect members to enrol in six more courses at no cost this August successfully sent to michelleburrows78@outlook.com
[ ID 250] Message Last chance for TePe Connect members to enrol in six more courses at no cost this August successfully sent to emmasian1986@googlemail.com
[ ID 250] Message Last chance for TePe Connect members to enrol in six more courses at no cost this August successfully sent to laurasellars17@gmail.com
[ ID 250] Message Last chance for TePe Connect members to enrol in six more courses at no cost this August successfully sent to clareo24@hotmail.com
[ ID 250] Message Last chance for TePe Connect members to enrol in six more courses at no cost this August successfully sent to gillian.ford.ic@uhi.ac.uk
[ ID 250] Message Last chance for TePe Connect members to enrol in six more courses at no cost this August successfully sent to christie.98@hotmail.com
[ ID 250] Message Last chance for TePe Connect members to enrol in six more courses at no cost this August successfully sent to ninacthomas@icloud.com
[ ID 250] Message Last chance for TePe Connect members to enrol in six more courses at no cost this August successfully sent to gedickin@yahoo.co.uk
[ ID 250] Message Last chance for TePe Connect members to enrol in six more courses at no cost this August successfully sent to ellard.family@virginmedia.com
[ ID 250] Message Last chance for TePe Connect members to enrol in six more courses at no cost this August successfully sent to wilkinsonlori706@gmail.com
[ ID 250] Message Last chance for TePe Connect members to enrol in six more courses at no cost this August successfully sent to susanlotty@aol.com
[ ID 250] Message Last chance for TePe Connect members to enrol in six more courses at no cost this August successfully sent to niamh@gentle-dental.co.uk
[ ID 250] Message Last chance for TePe Connect members to enrol in six more courses at no cost this August successfully sent to aneekha_kaur@yahoo.co.uk
[ ID 250] Message Last chance for TePe Connect members to enrol in six more courses at no cost this August successfully sent to fifipeepee@gmail.com
[ ID 250] Message Last chance for TePe Connect members to enrol in six more courses at no cost this August successfully sent to lamknowles@gmail.com
[ ID 250] Message Last chance for TePe Connect members to enrol in six more courses at no cost this August successfully sent to sherdadhussain@gmail.com
[ ID 250] Message Last chance for TePe Connect members to enrol in six more courses at no cost this August successfully sent to raeinspirations@outlook.com
[ ID 250] Message Last chance for TePe Connect members to enrol in six more courses at no cost this August successfully sent to tracydoole1@gmail.com
[ ID 250] Message Last chance for TePe Connect members to enrol in six more courses at no cost this August successfully sent to jbrown971@outlook.com
[ ID 250] Message Last chance for TePe Connect members to enrol in six more courses at no cost this August successfully sent to Shashles_1960@hotmail.co.uk
[ ID 250] Message Last chance for TePe Connect members to enrol in six more courses at no cost this August successfully sent to saraburden@rocketmail.com
[ ID 250] Message Last chance for TePe Connect members to enrol in six more courses at no cost this August successfully sent to jibsy2000@btinternet.com
[ ID 250] Message Last chance for TePe Connect members to enrol in six more courses at no cost this August successfully sent to sandraleaney@btinternet.com
[ ID 250] Message Last chance for TePe Connect members to enrol in six more courses at no cost this August successfully sent to annspittle@hotmail.co.uk
[ ID 250] Message Last chance for TePe Connect members to enrol in six more courses at no cost this August successfully sent to stacey.corunna@health.wa.gov.au
[ ID 250] Message Last chance for TePe Connect members to enrol in six more courses at no cost this August successfully sent to matia_eye@yahoo.com
[ ID 250] Message Last chance for TePe Connect members to enrol in six more courses at no cost this August successfully sent to brandymosedale@gmail.com
[ ID 250] Message Last chance for TePe Connect members to enrol in six more courses at no cost this August successfully sent to luciana.visintin@hotmail.com
[ ID 250] Message Last chance for TePe Connect members to enrol in six more courses at no cost this August successfully sent to michellereid559@yahoo.com
[ ID 250] Message Last chance for TePe Connect members to enrol in six more courses at no cost this August successfully sent to suebilner@btinternet.com
[ ID 250] Message Last chance for TePe Connect members to enrol in six more courses at no cost this August successfully sent to vhowlings@hotmail.co.uk
[ ID 250] Message Last chance for TePe Connect members to enrol in six more courses at no cost this August successfully sent to dilen_d@hotmail.com
[ ID 250] Message Last chance for TePe Connect members to enrol in six more courses at no cost this August successfully sent to irwinsat19@aol.com
[ ID 250] Message Last chance for TePe Connect members to enrol in six more courses at no cost this August successfully sent to ed_darlenejones@hotmail.com
[ ID 250] Message Last chance for TePe Connect members to enrol in six more courses at no cost this August successfully sent to mccallum@aradale.plus.com
[ ID 250] Message Last chance for TePe Connect members to enrol in six more courses at no cost this August successfully sent to marimorris@mac.com
[ ID 250] Message Last chance for TePe Connect members to enrol in six more courses at no cost this August successfully sent to j.k.bird@hotmail.co.uk
[ ID 250] Message Last chance for TePe Connect members to enrol in six more courses at no cost this August successfully sent to klhawley25@gmail.com
[ ID 250] Message Last chance for TePe Connect members to enrol in six more courses at no cost this August successfully sent to Mouthcareforcancerpatients@gmail.com
[ ID 250] Message Last chance for TePe Connect members to enrol in six more courses at no cost this August successfully sent to susan.woff@gmail.com
[ ID 250] Message Last chance for TePe Connect members to enrol in six more courses at no cost this August successfully sent to pctsoi@hotmail.co.uk
[ ID 250] Message Last chance for TePe Connect members to enrol in six more courses at no cost this August successfully sent to deblereb@gmail.com
[ ID 250] Message Last chance for TePe Connect members to enrol in six more courses at no cost this August successfully sent to liz@thespeechgroup.co.uk
[ ID 250] Message Last chance for TePe Connect members to enrol in six more courses at no cost this August successfully sent to katherineredmond@hotmail.com
[ ID 250] Message Last chance for TePe Connect members to enrol in six more courses at no cost this August successfully sent to veronicalea613@gmail.com
[ ID 250] Message Last chance for TePe Connect members to enrol in six more courses at no cost this August successfully sent to pamelahorgan10@gmail.com
[ ID 250] Message Last chance for TePe Connect members to enrol in six more courses at no cost this August successfully sent to demelzabowden@hotmail.co.uk
[ ID 250] Message Last chance for TePe Connect members to enrol in six more courses at no cost this August successfully sent to angiespost@live.co.uk
[ ID 250] Message Last chance for TePe Connect members to enrol in six more courses at no cost this August successfully sent to loubylala@hotmail.co.uk
[ ID 250] Message Last chance for TePe Connect members to enrol in six more courses at no cost this August successfully sent to neil.horne@btinternet.com
[ ID 250] Message Last chance for TePe Connect members to enrol in six more courses at no cost this August successfully sent to rachael_cox80@hotmail.com
[ ID 250] Message Last chance for TePe Connect members to enrol in six more courses at no cost this August successfully sent to stacicumming1@gmail.com
[ ID 250] Message Last chance for TePe Connect members to enrol in six more courses at no cost this August successfully sent to noralove4all@hotmail.com
[ ID 250] Message Last chance for TePe Connect members to enrol in six more courses at no cost this August successfully sent to caitlinangelaburns@gmail.com
[ ID 250] Message Last chance for TePe Connect members to enrol in six more courses at no cost this August successfully sent to mcnamaracaral@gmail.com
[ ID 250] Message Last chance for TePe Connect members to enrol in six more courses at no cost this August successfully sent to hatty.buley@btinternet.com
[ ID 250] Message Last chance for TePe Connect members to enrol in six more courses at no cost this August successfully sent to aimeestafford87@gmail.com
[ ID 250] Message Last chance for TePe Connect members to enrol in six more courses at no cost this August successfully sent to alisonnaughton@gmail.com
[ ID 250] Message Last chance for TePe Connect members to enrol in six more courses at no cost this August successfully sent to pbenbow@gmail.com
[ ID 250] Message Last chance for TePe Connect members to enrol in six more courses at no cost this August successfully sent to laurajaneleonard@googlemail.com
[ ID 250] Message Last chance for TePe Connect members to enrol in six more courses at no cost this August successfully sent to zahidam09@gmail.com
[ ID 250] Message Last chance for TePe Connect members to enrol in six more courses at no cost this August successfully sent to melwoods266@gmail.com
[ ID 250] Message Last chance for TePe Connect members to enrol in six more courses at no cost this August successfully sent to karen.ormerod@locala.org.uk
[ ID 250] Message Last chance for TePe Connect members to enrol in six more courses at no cost this August successfully sent to sabah.ashraf@locala.org.uk
[ ID 250] Message Last chance for TePe Connect members to enrol in six more courses at no cost this August successfully sent to lucy.gee@locala.org.uk
[ ID 250] Message Last chance for TePe Connect members to enrol in six more courses at no cost this August successfully sent to amanda.tyman@locala.org.uk
[ ID 250] Message Last chance for TePe Connect members to enrol in six more courses at no cost this August successfully sent to laurenaimeepitts@gmail.com
[ ID 250] Message Last chance for TePe Connect members to enrol in six more courses at no cost this August successfully sent to lilybs@live.co.uk

******************************************************************************************************************************************************
********************     31 August 2020 16:40     ********************
AcyMailing Triggered at 31 August 2020 16:40
0 messages processed : 0 successful, 0 failed
There are 2 messages in your mailbox
---- Details ----
There are 2 messages in your mailbox
<b>Subject : I am making someone smile..... Re: Last chance for TePe Connect members to enrol in six more courses at no cost this August</b>
Rules [ID 14] Final Rule :  | forwarded to admin@dental-channel.co.uk | message deleted
<b>Subject : Mail delivery failed: returning message to sender</b>
Rules [ID 7] Mailbox does not exist 1 :  | user 4939 ( ID 4939 ) blocked | message saved (user 4939) | message deleted